ARM GAS  C:\Users\MI\AppData\Local\Temp\ccTZcxF8.s 			page 1


   1              		.cpu cortex-m4
   2              		.eabi_attribute 27, 1
   3              		.eabi_attribute 28, 1
   4              		.eabi_attribute 20, 1
   5              		.eabi_attribute 21, 1
   6              		.eabi_attribute 23, 3
   7              		.eabi_attribute 24, 1
   8              		.eabi_attribute 25, 1
   9              		.eabi_attribute 26, 1
  10              		.eabi_attribute 30, 6
  11              		.eabi_attribute 34, 1
  12              		.eabi_attribute 18, 4
  13              		.file	"user_main.c"
  14              		.text
  15              	.Ltext0:
  16              		.cfi_sections	.debug_frame
  17              		.section	.rodata.ChopSticks1,"a"
  18              		.align	2
  21              	ChopSticks1:
  22 0000 01       		.byte	1
  23 0001 7F493B43 		.4byte	1127958911
  24 0005 6ABCA041 		.4byte	1101053034
  25 0009 773EA641 		.4byte	1101414007
  26 000d 8A8EFBC1 		.4byte	-1040478582
  27 0011 02       		.byte	2
  28 0012 8C493B43 		.4byte	1127958924
  29 0016 6ABCA041 		.4byte	1101053034
  30 001a D567DDC1 		.4byte	-1042454571
  31 001e 8A8EFBC1 		.4byte	-1040478582
  32 0022 02       		.byte	2
  33 0023 79493B43 		.4byte	1127958905
  34 0027 6ABCA041 		.4byte	1101053034
  35 002b D645A142 		.4byte	1117865430
  36 002f 8A8EFBC1 		.4byte	-1040478582
  37              		.section	.rodata.ChopSticks2,"a"
  38              		.align	2
  41              	ChopSticks2:
  42 0000 01       		.byte	1
  43 0001 45C73F43 		.4byte	1128253253
  44 0005 428F0DC2 		.4byte	-1039298750
  45 0009 C2869540 		.4byte	1083541186
  46 000d 8C39EDC1 		.4byte	-1041417844
  47 0011 02       		.byte	2
  48 0012 4CC73F43 		.4byte	1128253260
  49 0016 428F0DC2 		.4byte	-1039298750
  50 001a E8EAE9C1 		.4byte	-1041634584
  51 001e 8C39EDC1 		.4byte	-1041417844
  52 0022 02       		.byte	2
  53 0023 7AC73F43 		.4byte	1128253306
  54 0027 5C8F0DC2 		.4byte	-1039298724
  55 002b 6085D942 		.4byte	1121551712
  56 002f 8C39EDC1 		.4byte	-1041417844
  57              		.section	.rodata.ChopSticksDes,"a"
  58              		.align	2
  61              	ChopSticksDes:
  62 0000 01       		.byte	1
  63 0001 1EF63343 		.4byte	1127478814
ARM GAS  C:\Users\MI\AppData\Local\Temp\ccTZcxF8.s 			page 2


  64 0005 58F95AC3 		.4byte	-1017448104
  65 0009 1757F442 		.4byte	1123309335
  66 000d EF49EAC1 		.4byte	-1041610257
  67              		.section	.rodata.RedSauce1,"a"
  68              		.align	2
  71              	RedSauce1:
  72 0000 01       		.byte	1
  73 0001 BCDD8643 		.4byte	1132912060
  74 0005 40F3E842 		.4byte	1122562880
  75 0009 CEC88142 		.4byte	1115801806
  76 000d 79988042 		.4byte	1115723897
  77 0011 02       		.byte	2
  78 0012 18DE8643 		.4byte	1132912152
  79 0016 DEF3E842 		.4byte	1122563038
  80 001a 3491B141 		.4byte	1102156084
  81 001e 79988042 		.4byte	1115723897
  82 0022 02       		.byte	2
  83 0023 7DDE8643 		.4byte	1132912253
  84 0027 88F4E842 		.4byte	1122563208
  85 002b 18860343 		.4byte	1124304408
  86 002f 79988042 		.4byte	1115723897
  87              		.section	.rodata.RedSauce2,"a"
  88              		.align	2
  91              	RedSauce2:
  92 0000 01       		.byte	1
  93 0001 D5676143 		.4byte	1130457045
  94 0005 6666EB42 		.4byte	1122723430
  95 0009 E9C88142 		.4byte	1115801833
  96 000d 79988042 		.4byte	1115723897
  97 0011 02       		.byte	2
  98 0012 CF676143 		.4byte	1130457039
  99 0016 6666EB42 		.4byte	1122723430
 100 001a 1069B541 		.4byte	1102407952
 101 001e 79988042 		.4byte	1115723897
 102 0022 02       		.byte	2
 103 0023 FD676143 		.4byte	1130457085
 104 0027 8E66EB42 		.4byte	1122723470
 105 002b 13820843 		.4byte	1124631059
 106 002f 79988042 		.4byte	1115723897
 107              		.section	.rodata.SauceDes,"a"
 108              		.align	2
 111              	SauceDes:
 112 0000 01       		.byte	1
 113 0001 66D62D43 		.4byte	1127077478
 114 0005 8B5D41C3 		.4byte	-1019126389
 115 0009 52181F43 		.4byte	1126111314
 116 000d A8353241 		.4byte	1093809576
 117              		.section	.rodata.GreenSauce1,"a"
 118              		.align	2
 121              	GreenSauce1:
 122 0000 01       		.byte	1
 123 0001 0A472943 		.4byte	1126778634
 124 0005 7F1BCD42 		.4byte	1120738175
 125 0009 B9BC1942 		.4byte	1108982969
 126 000d 2A296C42 		.4byte	1114384682
 127 0011 02       		.byte	2
 128 0012 DC462943 		.4byte	1126778588
ARM GAS  C:\Users\MI\AppData\Local\Temp\ccTZcxF8.s 			page 3


 129 0016 4F6FD242 		.4byte	1121087311
 130 001a 1E27B041 		.4byte	1102063390
 131 001e 2A296C42 		.4byte	1114384682
 132 0022 02       		.byte	2
 133 0023 3F462943 		.4byte	1126778431
 134 0027 8A6ED242 		.4byte	1121087114
 135 002b 303BE042 		.4byte	1121991472
 136 002f 2A296C42 		.4byte	1114384682
 137              		.section	.rodata.GreenSauce2,"a"
 138              		.align	2
 141              	GreenSauce2:
 142 0000 01       		.byte	1
 143 0001 E5C10843 		.4byte	1124647397
 144 0005 8669CF42 		.4byte	1120889222
 145 0009 4C772742 		.4byte	1109882700
 146 000d 2A296C42 		.4byte	1114384682
 147 0011 02       		.byte	2
 148 0012 D1C10843 		.4byte	1124647377
 149 0016 6C69CF42 		.4byte	1120889196
 150 001a BC85B541 		.4byte	1102415292
 151 001e 2A296C42 		.4byte	1114384682
 152 0022 02       		.byte	2
 153 0023 3F462943 		.4byte	1126778431
 154 0027 8A6ED242 		.4byte	1121087114
 155 002b 303BE042 		.4byte	1121991472
 156 002f 2A296C42 		.4byte	1114384682
 157              		.section	.rodata.gPTPCoordinateParams,"a"
 158              		.align	2
 161              	gPTPCoordinateParams:
 162 0000 0000C842 		.word	1120403456
 163 0004 0000C842 		.word	1120403456
 164 0008 0000A042 		.word	1117782016
 165 000c 0000A042 		.word	1117782016
 166              		.section	.rodata.gPTPCommonParams,"a"
 167              		.align	2
 170              	gPTPCommonParams:
 171 0000 00004842 		.word	1112014848
 172 0004 00004842 		.word	1112014848
 173              		.section	.rodata.Idle,"a"
 174              		.align	2
 177              	Idle:
 178 0000 01       		.byte	1
 179 0001 D6F54E43 		.4byte	1129248214
 180 0005 68D15742 		.4byte	1113051496
 181 0009 46364C42 		.4byte	1112290886
 182 000d 69AF6042 		.4byte	1113632617
 183              		.comm	emw3080_rcv_data,1024,4
 184              		.comm	RasPi_rcv_byte,1,1
 185              		.comm	RasPi_rcv_data,64,4
 186              		.comm	RasPi_rcv_sync,4,4
 187              		.comm	mqtt_rcv_sync,4,4
 188              		.comm	report_sync,4,4
 189              		.comm	status,28,4
 190              		.section	.rodata
 191              		.align	2
 192              	.LC0:
 193 0000 256400   		.ascii	"%d\000"
ARM GAS  C:\Users\MI\AppData\Local\Temp\ccTZcxF8.s 			page 4


 194 0003 00       		.align	2
 195              	.LC1:
 196 0004 696400   		.ascii	"id\000"
 197 0007 00       		.align	2
 198              	.LC2:
 199 0008 52656453 		.ascii	"RedSauces\000"
 199      61756365 
 199      7300
 200 0012 0000     		.align	2
 201              	.LC3:
 202 0014 47726565 		.ascii	"GreenSauces\000"
 202      6E536175 
 202      63657300 
 203              		.align	2
 204              	.LC4:
 205 0020 43686F70 		.ascii	"ChopSticks\000"
 205      53746963 
 205      6B7300
 206 002b 00       		.align	2
 207              	.LC5:
 208 002c 52657375 		.ascii	"Result\000"
 208      6C7400
 209 0033 00       		.align	2
 210              	.LC6:
 211 0034 73657276 		.ascii	"service_id\000"
 211      6963655F 
 211      696400
 212 003f 00       		.align	2
 213              	.LC7:
 214 0040 70726F70 		.ascii	"properties\000"
 214      65727469 
 214      657300
 215 004b 00       		.align	2
 216              	.LC8:
 217 004c 6974656D 		.ascii	"item\000"
 217      00
 218 0051 000000   		.align	2
 219              	.LC9:
 220 0054 73657276 		.ascii	"services\000"
 220      69636573 
 220      00
 221 005d 000000   		.align	2
 222              	.LC10:
 223 0060 0D0A5B43 		.ascii	"\015\012[CJSON]%s\015\012\000"
 223      4A534F4E 
 223      5D25730D 
 223      0A00
 224              		.section	.text.app_report_task_entry,"ax",%progbits
 225              		.align	1
 226              		.arch armv7e-m
 227              		.syntax unified
 228              		.thumb
 229              		.thumb_func
 230              		.fpu fpv4-sp-d16
 232              	app_report_task_entry:
 233              	.LFB287:
 234              		.file 1 "c:/Users/MI/Documents/IoTLink/HWCup/user_main/user_main.c"
ARM GAS  C:\Users\MI\AppData\Local\Temp\ccTZcxF8.s 			page 5


   1:c:/Users/MI/Documents/IoTLink/HWCup/user_main\user_main.c **** #include <user_main.h>
   2:c:/Users/MI/Documents/IoTLink/HWCup/user_main\user_main.c **** 
   3:c:/Users/MI/Documents/IoTLink/HWCup/user_main\user_main.c **** char emw3080_rcv_data[1024];
   4:c:/Users/MI/Documents/IoTLink/HWCup/user_main\user_main.c **** //树莓派通讯用数据
   5:c:/Users/MI/Documents/IoTLink/HWCup/user_main\user_main.c **** char RasPi_rcv_byte;
   6:c:/Users/MI/Documents/IoTLink/HWCup/user_main\user_main.c **** char RasPi_rcv_data[64];
   7:c:/Users/MI/Documents/IoTLink/HWCup/user_main\user_main.c **** osal_semp_t RasPi_rcv_sync;
   8:c:/Users/MI/Documents/IoTLink/HWCup/user_main\user_main.c **** 
   9:c:/Users/MI/Documents/IoTLink/HWCup/user_main\user_main.c **** osal_semp_t mqtt_rcv_sync;
  10:c:/Users/MI/Documents/IoTLink/HWCup/user_main\user_main.c **** 
  11:c:/Users/MI/Documents/IoTLink/HWCup/user_main\user_main.c **** osal_semp_t report_sync;
  12:c:/Users/MI/Documents/IoTLink/HWCup/user_main\user_main.c **** 
  13:c:/Users/MI/Documents/IoTLink/HWCup/user_main\user_main.c **** t_status status;
  14:c:/Users/MI/Documents/IoTLink/HWCup/user_main\user_main.c **** 
  15:c:/Users/MI/Documents/IoTLink/HWCup/user_main\user_main.c **** static int app_report_task_entry()
  16:c:/Users/MI/Documents/IoTLink/HWCup/user_main\user_main.c **** {
 235              		.loc 1 16 1
 236              		.cfi_startproc
 237              		@ args = 0, pretend = 0, frame = 88
 238              		@ frame_needed = 1, uses_anonymous_args = 0
 239 0000 80B5     		push	{r7, lr}
 240              	.LCFI0:
 241              		.cfi_def_cfa_offset 8
 242              		.cfi_offset 7, -8
 243              		.cfi_offset 14, -4
 244 0002 96B0     		sub	sp, sp, #88
 245              	.LCFI1:
 246              		.cfi_def_cfa_offset 96
 247 0004 00AF     		add	r7, sp, #0
 248              	.LCFI2:
 249              		.cfi_def_cfa_register 7
  17:c:/Users/MI/Documents/IoTLink/HWCup/user_main\user_main.c ****     char rawstr[64];
  18:c:/Users/MI/Documents/IoTLink/HWCup/user_main\user_main.c **** 
  19:c:/Users/MI/Documents/IoTLink/HWCup/user_main\user_main.c ****     emw3080_wifi_init();
 250              		.loc 1 19 5
 251 0006 FFF7FEFF 		bl	emw3080_wifi_init
  20:c:/Users/MI/Documents/IoTLink/HWCup/user_main\user_main.c ****     emw3080_mqtt_init();
 252              		.loc 1 20 5
 253 000a FFF7FEFF 		bl	emw3080_mqtt_init
 254              	.L3:
  21:c:/Users/MI/Documents/IoTLink/HWCup/user_main\user_main.c ****     while (1)
  22:c:/Users/MI/Documents/IoTLink/HWCup/user_main\user_main.c ****     {
  23:c:/Users/MI/Documents/IoTLink/HWCup/user_main\user_main.c ****         if (osal_semp_pend(report_sync, cn_osal_timeout_forever))
 255              		.loc 1 23 13
 256 000e 504B     		ldr	r3, .L4
 257 0010 1B68     		ldr	r3, [r3]
 258 0012 4FF0FF31 		mov	r1, #-1
 259 0016 1846     		mov	r0, r3
 260 0018 FFF7FEFF 		bl	osal_semp_pend
 261 001c 0346     		mov	r3, r0
 262              		.loc 1 23 12
 263 001e 002B     		cmp	r3, #0
 264 0020 F5D0     		beq	.L3
 265              	.LBB2:
  24:c:/Users/MI/Documents/IoTLink/HWCup/user_main\user_main.c ****         {
  25:c:/Users/MI/Documents/IoTLink/HWCup/user_main\user_main.c ****             char *cjson_str = NULL;
 266              		.loc 1 25 19
ARM GAS  C:\Users\MI\AppData\Local\Temp\ccTZcxF8.s 			page 6


 267 0022 0023     		movs	r3, #0
 268 0024 7B65     		str	r3, [r7, #84]
  26:c:/Users/MI/Documents/IoTLink/HWCup/user_main\user_main.c ****             cJSON *root = cJSON_CreateObject();
 269              		.loc 1 26 27
 270 0026 FFF7FEFF 		bl	cJSON_CreateObject
 271 002a 3865     		str	r0, [r7, #80]
  27:c:/Users/MI/Documents/IoTLink/HWCup/user_main\user_main.c ****             cJSON *item = cJSON_CreateObject();
 272              		.loc 1 27 27
 273 002c FFF7FEFF 		bl	cJSON_CreateObject
 274 0030 F864     		str	r0, [r7, #76]
  28:c:/Users/MI/Documents/IoTLink/HWCup/user_main\user_main.c ****             cJSON *properties = cJSON_CreateObject();
 275              		.loc 1 28 33
 276 0032 FFF7FEFF 		bl	cJSON_CreateObject
 277 0036 B864     		str	r0, [r7, #72]
  29:c:/Users/MI/Documents/IoTLink/HWCup/user_main\user_main.c ****             cJSON *services = cJSON_CreateArray();
 278              		.loc 1 29 31
 279 0038 FFF7FEFF 		bl	cJSON_CreateArray
 280 003c 7864     		str	r0, [r7, #68]
  30:c:/Users/MI/Documents/IoTLink/HWCup/user_main\user_main.c **** 
  31:c:/Users/MI/Documents/IoTLink/HWCup/user_main\user_main.c ****             (void)memset(rawstr, 0, 64);
 281              		.loc 1 31 19
 282 003e 3B1D     		adds	r3, r7, #4
 283 0040 4022     		movs	r2, #64
 284 0042 0021     		movs	r1, #0
 285 0044 1846     		mov	r0, r3
 286 0046 FFF7FEFF 		bl	memset
  32:c:/Users/MI/Documents/IoTLink/HWCup/user_main\user_main.c ****             (void)snprintf(rawstr, 64, "%d", status.id);
 287              		.loc 1 32 52
 288 004a 424B     		ldr	r3, .L4+4
 289 004c 1B78     		ldrb	r3, [r3]	@ zero_extendqisi2
 290              		.loc 1 32 19
 291 004e 381D     		adds	r0, r7, #4
 292 0050 414A     		ldr	r2, .L4+8
 293 0052 4021     		movs	r1, #64
 294 0054 FFF7FEFF 		bl	snprintf
  33:c:/Users/MI/Documents/IoTLink/HWCup/user_main\user_main.c ****             cJSON_AddItemToObject(properties, "id", cJSON_CreateRaw(rawstr));
 295              		.loc 1 33 13
 296 0058 3B1D     		adds	r3, r7, #4
 297 005a 1846     		mov	r0, r3
 298 005c FFF7FEFF 		bl	cJSON_CreateRaw
 299 0060 0346     		mov	r3, r0
 300 0062 1A46     		mov	r2, r3
 301 0064 3D49     		ldr	r1, .L4+12
 302 0066 B86C     		ldr	r0, [r7, #72]
 303 0068 FFF7FEFF 		bl	cJSON_AddItemToObject
  34:c:/Users/MI/Documents/IoTLink/HWCup/user_main\user_main.c **** 
  35:c:/Users/MI/Documents/IoTLink/HWCup/user_main\user_main.c ****             (void)memset(rawstr, 0, 64);
 304              		.loc 1 35 19
 305 006c 3B1D     		adds	r3, r7, #4
 306 006e 4022     		movs	r2, #64
 307 0070 0021     		movs	r1, #0
 308 0072 1846     		mov	r0, r3
 309 0074 FFF7FEFF 		bl	memset
  36:c:/Users/MI/Documents/IoTLink/HWCup/user_main\user_main.c ****             (void)snprintf(rawstr, 64, "%d", status.result_red_sauces);
 310              		.loc 1 36 52
 311 0078 364B     		ldr	r3, .L4+4
 312 007a 93F90130 		ldrsb	r3, [r3, #1]
ARM GAS  C:\Users\MI\AppData\Local\Temp\ccTZcxF8.s 			page 7


 313              		.loc 1 36 19
 314 007e 381D     		adds	r0, r7, #4
 315 0080 354A     		ldr	r2, .L4+8
 316 0082 4021     		movs	r1, #64
 317 0084 FFF7FEFF 		bl	snprintf
  37:c:/Users/MI/Documents/IoTLink/HWCup/user_main\user_main.c ****             cJSON_AddItemToObject(properties, "RedSauces", cJSON_CreateRaw(rawstr));
 318              		.loc 1 37 13
 319 0088 3B1D     		adds	r3, r7, #4
 320 008a 1846     		mov	r0, r3
 321 008c FFF7FEFF 		bl	cJSON_CreateRaw
 322 0090 0346     		mov	r3, r0
 323 0092 1A46     		mov	r2, r3
 324 0094 3249     		ldr	r1, .L4+16
 325 0096 B86C     		ldr	r0, [r7, #72]
 326 0098 FFF7FEFF 		bl	cJSON_AddItemToObject
  38:c:/Users/MI/Documents/IoTLink/HWCup/user_main\user_main.c **** 
  39:c:/Users/MI/Documents/IoTLink/HWCup/user_main\user_main.c ****             (void)memset(rawstr, 0, 64);
 327              		.loc 1 39 19
 328 009c 3B1D     		adds	r3, r7, #4
 329 009e 4022     		movs	r2, #64
 330 00a0 0021     		movs	r1, #0
 331 00a2 1846     		mov	r0, r3
 332 00a4 FFF7FEFF 		bl	memset
  40:c:/Users/MI/Documents/IoTLink/HWCup/user_main\user_main.c ****             (void)snprintf(rawstr, 64, "%d", status.result_green_sauces);
 333              		.loc 1 40 52
 334 00a8 2A4B     		ldr	r3, .L4+4
 335 00aa 93F90230 		ldrsb	r3, [r3, #2]
 336              		.loc 1 40 19
 337 00ae 381D     		adds	r0, r7, #4
 338 00b0 294A     		ldr	r2, .L4+8
 339 00b2 4021     		movs	r1, #64
 340 00b4 FFF7FEFF 		bl	snprintf
  41:c:/Users/MI/Documents/IoTLink/HWCup/user_main\user_main.c ****             cJSON_AddItemToObject(properties, "GreenSauces", cJSON_CreateRaw(rawstr));
 341              		.loc 1 41 13
 342 00b8 3B1D     		adds	r3, r7, #4
 343 00ba 1846     		mov	r0, r3
 344 00bc FFF7FEFF 		bl	cJSON_CreateRaw
 345 00c0 0346     		mov	r3, r0
 346 00c2 1A46     		mov	r2, r3
 347 00c4 2749     		ldr	r1, .L4+20
 348 00c6 B86C     		ldr	r0, [r7, #72]
 349 00c8 FFF7FEFF 		bl	cJSON_AddItemToObject
  42:c:/Users/MI/Documents/IoTLink/HWCup/user_main\user_main.c **** 
  43:c:/Users/MI/Documents/IoTLink/HWCup/user_main\user_main.c ****             (void)memset(rawstr, 0, 64);
 350              		.loc 1 43 19
 351 00cc 3B1D     		adds	r3, r7, #4
 352 00ce 4022     		movs	r2, #64
 353 00d0 0021     		movs	r1, #0
 354 00d2 1846     		mov	r0, r3
 355 00d4 FFF7FEFF 		bl	memset
  44:c:/Users/MI/Documents/IoTLink/HWCup/user_main\user_main.c ****             (void)snprintf(rawstr, 64, "%d", status.result_chop_sticks);
 356              		.loc 1 44 52
 357 00d8 1E4B     		ldr	r3, .L4+4
 358 00da 93F90330 		ldrsb	r3, [r3, #3]
 359              		.loc 1 44 19
 360 00de 381D     		adds	r0, r7, #4
 361 00e0 1D4A     		ldr	r2, .L4+8
ARM GAS  C:\Users\MI\AppData\Local\Temp\ccTZcxF8.s 			page 8


 362 00e2 4021     		movs	r1, #64
 363 00e4 FFF7FEFF 		bl	snprintf
  45:c:/Users/MI/Documents/IoTLink/HWCup/user_main\user_main.c ****             cJSON_AddItemToObject(properties, "ChopSticks", cJSON_CreateRaw(rawstr));
 364              		.loc 1 45 13
 365 00e8 3B1D     		adds	r3, r7, #4
 366 00ea 1846     		mov	r0, r3
 367 00ec FFF7FEFF 		bl	cJSON_CreateRaw
 368 00f0 0346     		mov	r3, r0
 369 00f2 1A46     		mov	r2, r3
 370 00f4 1C49     		ldr	r1, .L4+24
 371 00f6 B86C     		ldr	r0, [r7, #72]
 372 00f8 FFF7FEFF 		bl	cJSON_AddItemToObject
  46:c:/Users/MI/Documents/IoTLink/HWCup/user_main\user_main.c **** 
  47:c:/Users/MI/Documents/IoTLink/HWCup/user_main\user_main.c ****             cJSON_AddItemToObject(item, "service_id", cJSON_CreateString("Result"));
 373              		.loc 1 47 13
 374 00fc 1B48     		ldr	r0, .L4+28
 375 00fe FFF7FEFF 		bl	cJSON_CreateString
 376 0102 0346     		mov	r3, r0
 377 0104 1A46     		mov	r2, r3
 378 0106 1A49     		ldr	r1, .L4+32
 379 0108 F86C     		ldr	r0, [r7, #76]
 380 010a FFF7FEFF 		bl	cJSON_AddItemToObject
  48:c:/Users/MI/Documents/IoTLink/HWCup/user_main\user_main.c ****             cJSON_AddItemToObject(item, "properties", properties);
 381              		.loc 1 48 13
 382 010e BA6C     		ldr	r2, [r7, #72]
 383 0110 1849     		ldr	r1, .L4+36
 384 0112 F86C     		ldr	r0, [r7, #76]
 385 0114 FFF7FEFF 		bl	cJSON_AddItemToObject
  49:c:/Users/MI/Documents/IoTLink/HWCup/user_main\user_main.c ****             cJSON_AddItemToObject(services, "item", item);
 386              		.loc 1 49 13
 387 0118 FA6C     		ldr	r2, [r7, #76]
 388 011a 1749     		ldr	r1, .L4+40
 389 011c 786C     		ldr	r0, [r7, #68]
 390 011e FFF7FEFF 		bl	cJSON_AddItemToObject
  50:c:/Users/MI/Documents/IoTLink/HWCup/user_main\user_main.c ****             cJSON_AddItemToObject(root, "services", services);
 391              		.loc 1 50 13
 392 0122 7A6C     		ldr	r2, [r7, #68]
 393 0124 1549     		ldr	r1, .L4+44
 394 0126 386D     		ldr	r0, [r7, #80]
 395 0128 FFF7FEFF 		bl	cJSON_AddItemToObject
  51:c:/Users/MI/Documents/IoTLink/HWCup/user_main\user_main.c ****             cjson_str = cJSON_PrintUnformatted(root);
 396              		.loc 1 51 25
 397 012c 386D     		ldr	r0, [r7, #80]
 398 012e FFF7FEFF 		bl	cJSON_PrintUnformatted
 399 0132 7865     		str	r0, [r7, #84]
  52:c:/Users/MI/Documents/IoTLink/HWCup/user_main\user_main.c ****             printf("\r\n[CJSON]%s\r\n", cjson_str);
 400              		.loc 1 52 13
 401 0134 796D     		ldr	r1, [r7, #84]
 402 0136 1248     		ldr	r0, .L4+48
 403 0138 FFF7FEFF 		bl	printf
  53:c:/Users/MI/Documents/IoTLink/HWCup/user_main\user_main.c ****             emw3080_publish(cjson_str);
 404              		.loc 1 53 13
 405 013c 786D     		ldr	r0, [r7, #84]
 406 013e FFF7FEFF 		bl	emw3080_publish
  54:c:/Users/MI/Documents/IoTLink/HWCup/user_main\user_main.c ****             free(cjson_str);
 407              		.loc 1 54 13
 408 0142 786D     		ldr	r0, [r7, #84]
ARM GAS  C:\Users\MI\AppData\Local\Temp\ccTZcxF8.s 			page 9


 409 0144 FFF7FEFF 		bl	free
  55:c:/Users/MI/Documents/IoTLink/HWCup/user_main\user_main.c ****             cJSON_Delete(root);
 410              		.loc 1 55 13
 411 0148 386D     		ldr	r0, [r7, #80]
 412 014a FFF7FEFF 		bl	cJSON_Delete
 413              	.LBE2:
  23:c:/Users/MI/Documents/IoTLink/HWCup/user_main\user_main.c ****         {
 414              		.loc 1 23 12
 415 014e 5EE7     		b	.L3
 416              	.L5:
 417              		.align	2
 418              	.L4:
 419 0150 00000000 		.word	report_sync
 420 0154 00000000 		.word	status
 421 0158 00000000 		.word	.LC0
 422 015c 04000000 		.word	.LC1
 423 0160 08000000 		.word	.LC2
 424 0164 14000000 		.word	.LC3
 425 0168 20000000 		.word	.LC4
 426 016c 2C000000 		.word	.LC5
 427 0170 34000000 		.word	.LC6
 428 0174 40000000 		.word	.LC7
 429 0178 4C000000 		.word	.LC8
 430 017c 54000000 		.word	.LC9
 431 0180 60000000 		.word	.LC10
 432              		.cfi_endproc
 433              	.LFE287:
 435              		.section	.text.app_cmd_task_entry,"ax",%progbits
 436              		.align	1
 437              		.syntax unified
 438              		.thumb
 439              		.thumb_func
 440              		.fpu fpv4-sp-d16
 442              	app_cmd_task_entry:
 443              	.LFB288:
  56:c:/Users/MI/Documents/IoTLink/HWCup/user_main\user_main.c ****         }
  57:c:/Users/MI/Documents/IoTLink/HWCup/user_main\user_main.c ****     }
  58:c:/Users/MI/Documents/IoTLink/HWCup/user_main\user_main.c ****     return 0;
  59:c:/Users/MI/Documents/IoTLink/HWCup/user_main\user_main.c **** }
  60:c:/Users/MI/Documents/IoTLink/HWCup/user_main\user_main.c **** 
  61:c:/Users/MI/Documents/IoTLink/HWCup/user_main\user_main.c **** static int app_cmd_task_entry()
  62:c:/Users/MI/Documents/IoTLink/HWCup/user_main\user_main.c **** {
 444              		.loc 1 62 1
 445              		.cfi_startproc
 446              		@ args = 0, pretend = 0, frame = 0
 447              		@ frame_needed = 1, uses_anonymous_args = 0
 448 0000 80B5     		push	{r7, lr}
 449              	.LCFI3:
 450              		.cfi_def_cfa_offset 8
 451              		.cfi_offset 7, -8
 452              		.cfi_offset 14, -4
 453 0002 00AF     		add	r7, sp, #0
 454              	.LCFI4:
 455              		.cfi_def_cfa_register 7
 456              	.L7:
  63:c:/Users/MI/Documents/IoTLink/HWCup/user_main\user_main.c ****     while (1)
  64:c:/Users/MI/Documents/IoTLink/HWCup/user_main\user_main.c ****     {
ARM GAS  C:\Users\MI\AppData\Local\Temp\ccTZcxF8.s 			page 10


  65:c:/Users/MI/Documents/IoTLink/HWCup/user_main\user_main.c ****         if (osal_semp_pend(mqtt_rcv_sync, cn_osal_timeout_forever))
 457              		.loc 1 65 13
 458 0004 034B     		ldr	r3, .L8
 459 0006 1B68     		ldr	r3, [r3]
 460 0008 4FF0FF31 		mov	r1, #-1
 461 000c 1846     		mov	r0, r3
 462 000e FFF7FEFF 		bl	osal_semp_pend
 463              		.loc 1 65 12
 464 0012 F7E7     		b	.L7
 465              	.L9:
 466              		.align	2
 467              	.L8:
 468 0014 00000000 		.word	mqtt_rcv_sync
 469              		.cfi_endproc
 470              	.LFE288:
 472              		.section	.rodata
 473 006e 0000     		.align	2
 474              	.LC11:
 475 0070 0D0A5B49 		.ascii	"\015\012[IR]triggered\015\000"
 475      525D7472 
 475      69676765 
 475      7265640D 
 475      00
 476              		.section	.text.infrared_interrupt_entry,"ax",%progbits
 477              		.align	1
 478              		.syntax unified
 479              		.thumb
 480              		.thumb_func
 481              		.fpu fpv4-sp-d16
 483              	infrared_interrupt_entry:
 484              	.LFB289:
  66:c:/Users/MI/Documents/IoTLink/HWCup/user_main\user_main.c ****         {
  67:c:/Users/MI/Documents/IoTLink/HWCup/user_main\user_main.c ****         }
  68:c:/Users/MI/Documents/IoTLink/HWCup/user_main\user_main.c ****     }
  69:c:/Users/MI/Documents/IoTLink/HWCup/user_main\user_main.c ****     return 0;
  70:c:/Users/MI/Documents/IoTLink/HWCup/user_main\user_main.c **** }
  71:c:/Users/MI/Documents/IoTLink/HWCup/user_main\user_main.c **** 
  72:c:/Users/MI/Documents/IoTLink/HWCup/user_main\user_main.c **** static void infrared_interrupt_entry()
  73:c:/Users/MI/Documents/IoTLink/HWCup/user_main\user_main.c **** {
 485              		.loc 1 73 1
 486              		.cfi_startproc
 487              		@ args = 0, pretend = 0, frame = 0
 488              		@ frame_needed = 1, uses_anonymous_args = 0
 489 0000 80B5     		push	{r7, lr}
 490              	.LCFI5:
 491              		.cfi_def_cfa_offset 8
 492              		.cfi_offset 7, -8
 493              		.cfi_offset 14, -4
 494 0002 00AF     		add	r7, sp, #0
 495              	.LCFI6:
 496              		.cfi_def_cfa_register 7
  74:c:/Users/MI/Documents/IoTLink/HWCup/user_main\user_main.c ****     printf("\r\n[IR]triggered\r\n");
 497              		.loc 1 74 5
 498 0004 0648     		ldr	r0, .L11
 499 0006 FFF7FEFF 		bl	puts
  75:c:/Users/MI/Documents/IoTLink/HWCup/user_main\user_main.c ****     __HAL_GPIO_EXTI_CLEAR_FLAG(IR_INT_Pin);
 500              		.loc 1 75 5
ARM GAS  C:\Users\MI\AppData\Local\Temp\ccTZcxF8.s 			page 11


 501 000a 064B     		ldr	r3, .L11+4
 502 000c 4FF40062 		mov	r2, #2048
 503 0010 5A61     		str	r2, [r3, #20]
  76:c:/Users/MI/Documents/IoTLink/HWCup/user_main\user_main.c ****     osal_semp_post(status.conveyor_task_sync);
 504              		.loc 1 76 5
 505 0012 054B     		ldr	r3, .L11+8
 506 0014 9B69     		ldr	r3, [r3, #24]
 507 0016 1846     		mov	r0, r3
 508 0018 FFF7FEFF 		bl	osal_semp_post
  77:c:/Users/MI/Documents/IoTLink/HWCup/user_main\user_main.c **** }
 509              		.loc 1 77 1
 510 001c 00BF     		nop
 511 001e 80BD     		pop	{r7, pc}
 512              	.L12:
 513              		.align	2
 514              	.L11:
 515 0020 70000000 		.word	.LC11
 516 0024 00040140 		.word	1073808384
 517 0028 00000000 		.word	status
 518              		.cfi_endproc
 519              	.LFE289:
 521              		.section	.rodata
 522 0081 000000   		.align	2
 523              	.LC12:
 524 0084 5B49445D 		.ascii	"[ID]%d\015\012\000"
 524      25640D0A 
 524      00
 525              		.section	.text.task_complete,"ax",%progbits
 526              		.align	1
 527              		.global	task_complete
 528              		.syntax unified
 529              		.thumb
 530              		.thumb_func
 531              		.fpu fpv4-sp-d16
 533              	task_complete:
 534              	.LFB290:
  78:c:/Users/MI/Documents/IoTLink/HWCup/user_main\user_main.c **** 
  79:c:/Users/MI/Documents/IoTLink/HWCup/user_main\user_main.c **** void task_complete(void)
  80:c:/Users/MI/Documents/IoTLink/HWCup/user_main\user_main.c **** {
 535              		.loc 1 80 1
 536              		.cfi_startproc
 537              		@ args = 0, pretend = 0, frame = 0
 538              		@ frame_needed = 1, uses_anonymous_args = 0
 539 0000 80B5     		push	{r7, lr}
 540              	.LCFI7:
 541              		.cfi_def_cfa_offset 8
 542              		.cfi_offset 7, -8
 543              		.cfi_offset 14, -4
 544 0002 00AF     		add	r7, sp, #0
 545              	.LCFI8:
 546              		.cfi_def_cfa_register 7
  81:c:/Users/MI/Documents/IoTLink/HWCup/user_main\user_main.c ****     printf("[ID]%d\r\n", status.id);
 547              		.loc 1 81 32
 548 0004 0B4B     		ldr	r3, .L14
 549 0006 1B78     		ldrb	r3, [r3]	@ zero_extendqisi2
 550              		.loc 1 81 5
 551 0008 1946     		mov	r1, r3
ARM GAS  C:\Users\MI\AppData\Local\Temp\ccTZcxF8.s 			page 12


 552 000a 0B48     		ldr	r0, .L14+4
 553 000c FFF7FEFF 		bl	printf
  82:c:/Users/MI/Documents/IoTLink/HWCup/user_main\user_main.c ****     status.id++;
 554              		.loc 1 82 11
 555 0010 084B     		ldr	r3, .L14
 556 0012 1B78     		ldrb	r3, [r3]	@ zero_extendqisi2
 557              		.loc 1 82 14
 558 0014 0133     		adds	r3, r3, #1
 559 0016 DAB2     		uxtb	r2, r3
 560 0018 064B     		ldr	r3, .L14
 561 001a 1A70     		strb	r2, [r3]
  83:c:/Users/MI/Documents/IoTLink/HWCup/user_main\user_main.c ****     status.result_red_sauces = -1;
 562              		.loc 1 83 30
 563 001c 054B     		ldr	r3, .L14
 564 001e FF22     		movs	r2, #255
 565 0020 5A70     		strb	r2, [r3, #1]
  84:c:/Users/MI/Documents/IoTLink/HWCup/user_main\user_main.c ****     status.result_green_sauces = -1;
 566              		.loc 1 84 32
 567 0022 044B     		ldr	r3, .L14
 568 0024 FF22     		movs	r2, #255
 569 0026 9A70     		strb	r2, [r3, #2]
  85:c:/Users/MI/Documents/IoTLink/HWCup/user_main\user_main.c ****     status.result_chop_sticks = -1;
 570              		.loc 1 85 31
 571 0028 024B     		ldr	r3, .L14
 572 002a FF22     		movs	r2, #255
 573 002c DA70     		strb	r2, [r3, #3]
  86:c:/Users/MI/Documents/IoTLink/HWCup/user_main\user_main.c **** }
 574              		.loc 1 86 1
 575 002e 00BF     		nop
 576 0030 80BD     		pop	{r7, pc}
 577              	.L15:
 578 0032 00BF     		.align	2
 579              	.L14:
 580 0034 00000000 		.word	status
 581 0038 84000000 		.word	.LC12
 582              		.cfi_endproc
 583              	.LFE290:
 585              		.section	.rodata
 586 008d 000000   		.align	2
 587              	.LC13:
 588 0090 5B434F4E 		.ascii	"[CONVEYOR]task Start\015\000"
 588      5645594F 
 588      525D7461 
 588      736B2053 
 588      74617274 
 589              		.section	.text.conveyor_task_entry,"ax",%progbits
 590              		.align	1
 591              		.syntax unified
 592              		.thumb
 593              		.thumb_func
 594              		.fpu fpv4-sp-d16
 596              	conveyor_task_entry:
 597              	.LFB291:
  87:c:/Users/MI/Documents/IoTLink/HWCup/user_main\user_main.c **** 
  88:c:/Users/MI/Documents/IoTLink/HWCup/user_main\user_main.c **** static int conveyor_task_entry()
  89:c:/Users/MI/Documents/IoTLink/HWCup/user_main\user_main.c **** {
 598              		.loc 1 89 1
ARM GAS  C:\Users\MI\AppData\Local\Temp\ccTZcxF8.s 			page 13


 599              		.cfi_startproc
 600              		@ args = 0, pretend = 0, frame = 0
 601              		@ frame_needed = 1, uses_anonymous_args = 0
 602 0000 80B5     		push	{r7, lr}
 603              	.LCFI9:
 604              		.cfi_def_cfa_offset 8
 605              		.cfi_offset 7, -8
 606              		.cfi_offset 14, -4
 607 0002 82B0     		sub	sp, sp, #8
 608              	.LCFI10:
 609              		.cfi_def_cfa_offset 16
 610 0004 02AF     		add	r7, sp, #8
 611              	.LCFI11:
 612              		.cfi_def_cfa 7, 8
  90:c:/Users/MI/Documents/IoTLink/HWCup/user_main\user_main.c ****     osal_semp_create(&status.conveyor_task_sync, 1, 0);
 613              		.loc 1 90 5
 614 0006 0022     		movs	r2, #0
 615 0008 0121     		movs	r1, #1
 616 000a 1648     		ldr	r0, .L20
 617 000c FFF7FEFF 		bl	osal_semp_create
  91:c:/Users/MI/Documents/IoTLink/HWCup/user_main\user_main.c ****     conveyor_init();
 618              		.loc 1 91 5
 619 0010 FFF7FEFF 		bl	conveyor_init
  92:c:/Users/MI/Documents/IoTLink/HWCup/user_main\user_main.c ****     start_conveyor();
 620              		.loc 1 92 5
 621 0014 FFF7FEFF 		bl	start_conveyor
  93:c:/Users/MI/Documents/IoTLink/HWCup/user_main\user_main.c ****     osal_int_connect(IR_INT_EXTI_IRQn, 1, 0, infrared_interrupt_entry, NULL);
 622              		.loc 1 93 5
 623 0018 0023     		movs	r3, #0
 624 001a 0093     		str	r3, [sp]
 625 001c 124B     		ldr	r3, .L20+4
 626 001e 0022     		movs	r2, #0
 627 0020 0121     		movs	r1, #1
 628 0022 2820     		movs	r0, #40
 629 0024 FFF7FEFF 		bl	osal_int_connect
 630              	.L19:
  94:c:/Users/MI/Documents/IoTLink/HWCup/user_main\user_main.c ****     while (1)
  95:c:/Users/MI/Documents/IoTLink/HWCup/user_main\user_main.c ****     {
  96:c:/Users/MI/Documents/IoTLink/HWCup/user_main\user_main.c ****         if (osal_semp_pend(status.conveyor_task_sync, cn_osal_timeout_forever))
 631              		.loc 1 96 13
 632 0028 104B     		ldr	r3, .L20+8
 633 002a 9B69     		ldr	r3, [r3, #24]
 634 002c 4FF0FF31 		mov	r1, #-1
 635 0030 1846     		mov	r0, r3
 636 0032 FFF7FEFF 		bl	osal_semp_pend
 637 0036 0346     		mov	r3, r0
 638              		.loc 1 96 12
 639 0038 002B     		cmp	r3, #0
 640 003a F5D0     		beq	.L19
  97:c:/Users/MI/Documents/IoTLink/HWCup/user_main\user_main.c ****         {
  98:c:/Users/MI/Documents/IoTLink/HWCup/user_main\user_main.c ****             printf("[CONVEYOR]task Start\r\n");
 641              		.loc 1 98 13
 642 003c 0C48     		ldr	r0, .L20+12
 643 003e FFF7FEFF 		bl	puts
  99:c:/Users/MI/Documents/IoTLink/HWCup/user_main\user_main.c ****             osal_task_sleep(50);
 644              		.loc 1 99 13
 645 0042 3220     		movs	r0, #50
ARM GAS  C:\Users\MI\AppData\Local\Temp\ccTZcxF8.s 			page 14


 646 0044 FFF7FEFF 		bl	osal_task_sleep
 100:c:/Users/MI/Documents/IoTLink/HWCup/user_main\user_main.c ****             if (stop_conveyor())
 647              		.loc 1 100 17
 648 0048 FFF7FEFF 		bl	stop_conveyor
 649 004c 0346     		mov	r3, r0
 650              		.loc 1 100 16
 651 004e 002B     		cmp	r3, #0
 652 0050 02D0     		beq	.L18
 101:c:/Users/MI/Documents/IoTLink/HWCup/user_main\user_main.c ****                 RasPi_request();
 653              		.loc 1 101 17
 654 0052 FFF7FEFF 		bl	RasPi_request
 655 0056 E7E7     		b	.L19
 656              	.L18:
 102:c:/Users/MI/Documents/IoTLink/HWCup/user_main\user_main.c ****             else
 103:c:/Users/MI/Documents/IoTLink/HWCup/user_main\user_main.c ****                 osal_semp_post(status.dobot_task_sync);
 657              		.loc 1 103 17
 658 0058 044B     		ldr	r3, .L20+8
 659 005a 5B69     		ldr	r3, [r3, #20]
 660 005c 1846     		mov	r0, r3
 661 005e FFF7FEFF 		bl	osal_semp_post
  96:c:/Users/MI/Documents/IoTLink/HWCup/user_main\user_main.c ****         {
 662              		.loc 1 96 12
 663 0062 E1E7     		b	.L19
 664              	.L21:
 665              		.align	2
 666              	.L20:
 667 0064 18000000 		.word	status+24
 668 0068 00000000 		.word	infrared_interrupt_entry
 669 006c 00000000 		.word	status
 670 0070 90000000 		.word	.LC13
 671              		.cfi_endproc
 672              	.LFE291:
 674              		.section	.rodata
 675 00a6 0000     		.align	2
 676              	.LC14:
 677 00a8 5B525049 		.ascii	"[RPI]task Start\015\000"
 677      5D746173 
 677      6B205374 
 677      6172740D 
 677      00
 678 00b9 000000   		.align	2
 679              	.LC15:
 680 00bc 5B525049 		.ascii	"[RPI][RCV]:%s\015\012\000"
 680      5D5B5243 
 680      565D3A25 
 680      730D0A00 
 681              		.align	2
 682              	.LC16:
 683 00cc 5B525049 		.ascii	"[RPI][RESULT]:RedSauces-%d,GreenSauces-%d,ChopStick"
 683      5D5B5245 
 683      53554C54 
 683      5D3A5265 
 683      64536175 
 684 00ff 732D2564 		.ascii	"s-%d\015\012\000"
 684      0D0A00
 685              		.section	.text.RasPi_cmd_task_entry,"ax",%progbits
 686              		.align	1
ARM GAS  C:\Users\MI\AppData\Local\Temp\ccTZcxF8.s 			page 15


 687              		.syntax unified
 688              		.thumb
 689              		.thumb_func
 690              		.fpu fpv4-sp-d16
 692              	RasPi_cmd_task_entry:
 693              	.LFB292:
 104:c:/Users/MI/Documents/IoTLink/HWCup/user_main\user_main.c ****         }
 105:c:/Users/MI/Documents/IoTLink/HWCup/user_main\user_main.c ****     }
 106:c:/Users/MI/Documents/IoTLink/HWCup/user_main\user_main.c **** }
 107:c:/Users/MI/Documents/IoTLink/HWCup/user_main\user_main.c **** 
 108:c:/Users/MI/Documents/IoTLink/HWCup/user_main\user_main.c **** static int RasPi_cmd_task_entry()
 109:c:/Users/MI/Documents/IoTLink/HWCup/user_main\user_main.c **** {
 694              		.loc 1 109 1
 695              		.cfi_startproc
 696              		@ args = 0, pretend = 0, frame = 0
 697              		@ frame_needed = 1, uses_anonymous_args = 0
 698 0000 80B5     		push	{r7, lr}
 699              	.LCFI12:
 700              		.cfi_def_cfa_offset 8
 701              		.cfi_offset 7, -8
 702              		.cfi_offset 14, -4
 703 0002 00AF     		add	r7, sp, #0
 704              	.LCFI13:
 705              		.cfi_def_cfa_register 7
 110:c:/Users/MI/Documents/IoTLink/HWCup/user_main\user_main.c ****     osal_semp_create(&RasPi_rcv_sync, 1, 0);
 706              		.loc 1 110 5
 707 0004 0022     		movs	r2, #0
 708 0006 0121     		movs	r1, #1
 709 0008 2148     		ldr	r0, .L25
 710 000a FFF7FEFF 		bl	osal_semp_create
 111:c:/Users/MI/Documents/IoTLink/HWCup/user_main\user_main.c ****     RasPi_uart_init(115200);
 711              		.loc 1 111 5
 712 000e 4FF4E130 		mov	r0, #115200
 713 0012 FFF7FEFF 		bl	RasPi_uart_init
 714              	.L24:
 112:c:/Users/MI/Documents/IoTLink/HWCup/user_main\user_main.c ****     while (1)
 113:c:/Users/MI/Documents/IoTLink/HWCup/user_main\user_main.c ****     {
 114:c:/Users/MI/Documents/IoTLink/HWCup/user_main\user_main.c ****         if (osal_semp_pend(RasPi_rcv_sync, cn_osal_timeout_forever))
 715              		.loc 1 114 13
 716 0016 1E4B     		ldr	r3, .L25
 717 0018 1B68     		ldr	r3, [r3]
 718 001a 4FF0FF31 		mov	r1, #-1
 719 001e 1846     		mov	r0, r3
 720 0020 FFF7FEFF 		bl	osal_semp_pend
 721 0024 0346     		mov	r3, r0
 722              		.loc 1 114 12
 723 0026 002B     		cmp	r3, #0
 724 0028 F5D0     		beq	.L24
 115:c:/Users/MI/Documents/IoTLink/HWCup/user_main\user_main.c ****         {
 116:c:/Users/MI/Documents/IoTLink/HWCup/user_main\user_main.c ****             printf("[RPI]task Start\r\n");
 725              		.loc 1 116 13
 726 002a 1A48     		ldr	r0, .L25+4
 727 002c FFF7FEFF 		bl	puts
 117:c:/Users/MI/Documents/IoTLink/HWCup/user_main\user_main.c ****             printf("[RPI][RCV]:%s\r\n", RasPi_rcv_data);
 728              		.loc 1 117 13
 729 0030 1949     		ldr	r1, .L25+8
 730 0032 1A48     		ldr	r0, .L25+12
ARM GAS  C:\Users\MI\AppData\Local\Temp\ccTZcxF8.s 			page 16


 731 0034 FFF7FEFF 		bl	printf
 118:c:/Users/MI/Documents/IoTLink/HWCup/user_main\user_main.c ****             status.result_red_sauces = RasPi_rcv_data[0] - '0';
 732              		.loc 1 118 54
 733 0038 174B     		ldr	r3, .L25+8
 734 003a 1B78     		ldrb	r3, [r3]	@ zero_extendqisi2
 735              		.loc 1 118 58
 736 003c 303B     		subs	r3, r3, #48
 737 003e DBB2     		uxtb	r3, r3
 738 0040 5AB2     		sxtb	r2, r3
 739              		.loc 1 118 38
 740 0042 174B     		ldr	r3, .L25+16
 741 0044 5A70     		strb	r2, [r3, #1]
 119:c:/Users/MI/Documents/IoTLink/HWCup/user_main\user_main.c ****             status.result_green_sauces = RasPi_rcv_data[1] - '0';
 742              		.loc 1 119 56
 743 0046 144B     		ldr	r3, .L25+8
 744 0048 5B78     		ldrb	r3, [r3, #1]	@ zero_extendqisi2
 745              		.loc 1 119 60
 746 004a 303B     		subs	r3, r3, #48
 747 004c DBB2     		uxtb	r3, r3
 748 004e 5AB2     		sxtb	r2, r3
 749              		.loc 1 119 40
 750 0050 134B     		ldr	r3, .L25+16
 751 0052 9A70     		strb	r2, [r3, #2]
 120:c:/Users/MI/Documents/IoTLink/HWCup/user_main\user_main.c ****             status.result_chop_sticks = RasPi_rcv_data[2] - '0';
 752              		.loc 1 120 55
 753 0054 104B     		ldr	r3, .L25+8
 754 0056 9B78     		ldrb	r3, [r3, #2]	@ zero_extendqisi2
 755              		.loc 1 120 59
 756 0058 303B     		subs	r3, r3, #48
 757 005a DBB2     		uxtb	r3, r3
 758 005c 5AB2     		sxtb	r2, r3
 759              		.loc 1 120 39
 760 005e 104B     		ldr	r3, .L25+16
 761 0060 DA70     		strb	r2, [r3, #3]
 121:c:/Users/MI/Documents/IoTLink/HWCup/user_main\user_main.c ****             printf("[RPI][RESULT]:RedSauces-%d,GreenSauces-%d,ChopSticks-%d\r\n", status.result_red
 762              		.loc 1 121 89
 763 0062 0F4B     		ldr	r3, .L25+16
 764 0064 93F90130 		ldrsb	r3, [r3, #1]
 765              		.loc 1 121 13
 766 0068 1946     		mov	r1, r3
 767              		.loc 1 121 115
 768 006a 0D4B     		ldr	r3, .L25+16
 769 006c 93F90230 		ldrsb	r3, [r3, #2]
 770              		.loc 1 121 13
 771 0070 1A46     		mov	r2, r3
 772              		.loc 1 121 143
 773 0072 0B4B     		ldr	r3, .L25+16
 774 0074 93F90330 		ldrsb	r3, [r3, #3]
 775              		.loc 1 121 13
 776 0078 0A48     		ldr	r0, .L25+20
 777 007a FFF7FEFF 		bl	printf
 122:c:/Users/MI/Documents/IoTLink/HWCup/user_main\user_main.c ****             osal_semp_post(report_sync);
 778              		.loc 1 122 13
 779 007e 0A4B     		ldr	r3, .L25+24
 780 0080 1B68     		ldr	r3, [r3]
 781 0082 1846     		mov	r0, r3
 782 0084 FFF7FEFF 		bl	osal_semp_post
ARM GAS  C:\Users\MI\AppData\Local\Temp\ccTZcxF8.s 			page 17


 123:c:/Users/MI/Documents/IoTLink/HWCup/user_main\user_main.c ****             start_conveyor();
 783              		.loc 1 123 13
 784 0088 FFF7FEFF 		bl	start_conveyor
 114:c:/Users/MI/Documents/IoTLink/HWCup/user_main\user_main.c ****         {
 785              		.loc 1 114 12
 786 008c C3E7     		b	.L24
 787              	.L26:
 788 008e 00BF     		.align	2
 789              	.L25:
 790 0090 00000000 		.word	RasPi_rcv_sync
 791 0094 A8000000 		.word	.LC14
 792 0098 00000000 		.word	RasPi_rcv_data
 793 009c BC000000 		.word	.LC15
 794 00a0 00000000 		.word	status
 795 00a4 CC000000 		.word	.LC16
 796 00a8 00000000 		.word	report_sync
 797              		.cfi_endproc
 798              	.LFE292:
 800              		.section	.rodata
 801 0106 0000     		.align	2
 802              	.LC17:
 803 0108 5B444F42 		.ascii	"[DOBOT]task Start\015\000"
 803      4F545D74 
 803      61736B20 
 803      53746172 
 803      740D00
 804              		.section	.text.dobot_task_entry,"ax",%progbits
 805              		.align	1
 806              		.syntax unified
 807              		.thumb
 808              		.thumb_func
 809              		.fpu fpv4-sp-d16
 811              	dobot_task_entry:
 812              	.LFB293:
 124:c:/Users/MI/Documents/IoTLink/HWCup/user_main\user_main.c ****         }
 125:c:/Users/MI/Documents/IoTLink/HWCup/user_main\user_main.c ****     }
 126:c:/Users/MI/Documents/IoTLink/HWCup/user_main\user_main.c ****     return 0;
 127:c:/Users/MI/Documents/IoTLink/HWCup/user_main\user_main.c **** }
 128:c:/Users/MI/Documents/IoTLink/HWCup/user_main\user_main.c **** 
 129:c:/Users/MI/Documents/IoTLink/HWCup/user_main\user_main.c **** static int dobot_task_entry()
 130:c:/Users/MI/Documents/IoTLink/HWCup/user_main\user_main.c **** {
 813              		.loc 1 130 1
 814              		.cfi_startproc
 815              		@ args = 0, pretend = 0, frame = 0
 816              		@ frame_needed = 1, uses_anonymous_args = 0
 817 0000 80B5     		push	{r7, lr}
 818              	.LCFI14:
 819              		.cfi_def_cfa_offset 8
 820              		.cfi_offset 7, -8
 821              		.cfi_offset 14, -4
 822 0002 00AF     		add	r7, sp, #0
 823              	.LCFI15:
 824              		.cfi_def_cfa_register 7
 131:c:/Users/MI/Documents/IoTLink/HWCup/user_main\user_main.c ****     dobot_init();
 825              		.loc 1 131 5
 826 0004 FFF7FEFF 		bl	dobot_init
 132:c:/Users/MI/Documents/IoTLink/HWCup/user_main\user_main.c ****     osal_semp_create(&status.dobot_task_sync, 1, 0);
ARM GAS  C:\Users\MI\AppData\Local\Temp\ccTZcxF8.s 			page 18


 827              		.loc 1 132 5
 828 0008 0022     		movs	r2, #0
 829 000a 0121     		movs	r1, #1
 830 000c 3148     		ldr	r0, .L33
 831 000e FFF7FEFF 		bl	osal_semp_create
 832              	.L32:
 133:c:/Users/MI/Documents/IoTLink/HWCup/user_main\user_main.c ****     while (1)
 134:c:/Users/MI/Documents/IoTLink/HWCup/user_main\user_main.c ****     {
 135:c:/Users/MI/Documents/IoTLink/HWCup/user_main\user_main.c ****         if (osal_semp_pend(status.dobot_task_sync, cn_osal_timeout_forever))
 833              		.loc 1 135 13
 834 0012 314B     		ldr	r3, .L33+4
 835 0014 5B69     		ldr	r3, [r3, #20]
 836 0016 4FF0FF31 		mov	r1, #-1
 837 001a 1846     		mov	r0, r3
 838 001c FFF7FEFF 		bl	osal_semp_pend
 839 0020 0346     		mov	r3, r0
 840              		.loc 1 135 12
 841 0022 002B     		cmp	r3, #0
 842 0024 F5D0     		beq	.L32
 136:c:/Users/MI/Documents/IoTLink/HWCup/user_main\user_main.c ****         {
 137:c:/Users/MI/Documents/IoTLink/HWCup/user_main\user_main.c ****             printf("[DOBOT]task Start\r\n");
 843              		.loc 1 137 13
 844 0026 2D48     		ldr	r0, .L33+8
 845 0028 FFF7FEFF 		bl	puts
 138:c:/Users/MI/Documents/IoTLink/HWCup/user_main\user_main.c ****             if ((status.result_red_sauces == 0) && osal_semp_pend(status.sync_red_sauces, cn_osal_t
 846              		.loc 1 138 24
 847 002c 2A4B     		ldr	r3, .L33+4
 848 002e 93F90130 		ldrsb	r3, [r3, #1]
 849              		.loc 1 138 16
 850 0032 002B     		cmp	r3, #0
 851 0034 14D1     		bne	.L29
 852              		.loc 1 138 52 discriminator 1
 853 0036 284B     		ldr	r3, .L33+4
 854 0038 9B68     		ldr	r3, [r3, #8]
 855 003a 4FF0FF31 		mov	r1, #-1
 856 003e 1846     		mov	r0, r3
 857 0040 FFF7FEFF 		bl	osal_semp_pend
 858 0044 0346     		mov	r3, r0
 859              		.loc 1 138 49 discriminator 1
 860 0046 002B     		cmp	r3, #0
 861 0048 0AD0     		beq	.L29
 139:c:/Users/MI/Documents/IoTLink/HWCup/user_main\user_main.c ****             {
 140:c:/Users/MI/Documents/IoTLink/HWCup/user_main\user_main.c ****                 grip_RedSauce(status.rest_red_sauces);
 862              		.loc 1 140 17
 863 004a 234B     		ldr	r3, .L33+4
 864 004c 1B79     		ldrb	r3, [r3, #4]	@ zero_extendqisi2
 865 004e 1846     		mov	r0, r3
 866 0050 FFF7FEFF 		bl	grip_RedSauce
 141:c:/Users/MI/Documents/IoTLink/HWCup/user_main\user_main.c ****                 status.rest_red_sauces--;
 867              		.loc 1 141 23
 868 0054 204B     		ldr	r3, .L33+4
 869 0056 1B79     		ldrb	r3, [r3, #4]	@ zero_extendqisi2
 870              		.loc 1 141 39
 871 0058 013B     		subs	r3, r3, #1
 872 005a DAB2     		uxtb	r2, r3
 873 005c 1E4B     		ldr	r3, .L33+4
 874 005e 1A71     		strb	r2, [r3, #4]
ARM GAS  C:\Users\MI\AppData\Local\Temp\ccTZcxF8.s 			page 19


 875              	.L29:
 142:c:/Users/MI/Documents/IoTLink/HWCup/user_main\user_main.c ****             }
 143:c:/Users/MI/Documents/IoTLink/HWCup/user_main\user_main.c ****             if ((status.result_green_sauces == 0) && osal_semp_pend(status.sync_green_sauces, cn_os
 876              		.loc 1 143 24
 877 0060 1D4B     		ldr	r3, .L33+4
 878 0062 93F90230 		ldrsb	r3, [r3, #2]
 879              		.loc 1 143 16
 880 0066 002B     		cmp	r3, #0
 881 0068 14D1     		bne	.L30
 882              		.loc 1 143 54 discriminator 1
 883 006a 1B4B     		ldr	r3, .L33+4
 884 006c DB68     		ldr	r3, [r3, #12]
 885 006e 4FF0FF31 		mov	r1, #-1
 886 0072 1846     		mov	r0, r3
 887 0074 FFF7FEFF 		bl	osal_semp_pend
 888 0078 0346     		mov	r3, r0
 889              		.loc 1 143 51 discriminator 1
 890 007a 002B     		cmp	r3, #0
 891 007c 0AD0     		beq	.L30
 144:c:/Users/MI/Documents/IoTLink/HWCup/user_main\user_main.c ****             {
 145:c:/Users/MI/Documents/IoTLink/HWCup/user_main\user_main.c ****                 grip_GreenSauce(status.rest_green_sauces);
 892              		.loc 1 145 17
 893 007e 164B     		ldr	r3, .L33+4
 894 0080 5B79     		ldrb	r3, [r3, #5]	@ zero_extendqisi2
 895 0082 1846     		mov	r0, r3
 896 0084 FFF7FEFF 		bl	grip_GreenSauce
 146:c:/Users/MI/Documents/IoTLink/HWCup/user_main\user_main.c ****                 status.rest_green_sauces--;
 897              		.loc 1 146 23
 898 0088 134B     		ldr	r3, .L33+4
 899 008a 5B79     		ldrb	r3, [r3, #5]	@ zero_extendqisi2
 900              		.loc 1 146 41
 901 008c 013B     		subs	r3, r3, #1
 902 008e DAB2     		uxtb	r2, r3
 903 0090 114B     		ldr	r3, .L33+4
 904 0092 5A71     		strb	r2, [r3, #5]
 905              	.L30:
 147:c:/Users/MI/Documents/IoTLink/HWCup/user_main\user_main.c ****             }
 148:c:/Users/MI/Documents/IoTLink/HWCup/user_main\user_main.c ****             if ((status.result_chop_sticks == 0) && osal_semp_pend(status.sync_chop_sticks, cn_osal
 906              		.loc 1 148 24
 907 0094 104B     		ldr	r3, .L33+4
 908 0096 93F90330 		ldrsb	r3, [r3, #3]
 909              		.loc 1 148 16
 910 009a 002B     		cmp	r3, #0
 911 009c 14D1     		bne	.L31
 912              		.loc 1 148 53 discriminator 1
 913 009e 0E4B     		ldr	r3, .L33+4
 914 00a0 1B69     		ldr	r3, [r3, #16]
 915 00a2 4FF0FF31 		mov	r1, #-1
 916 00a6 1846     		mov	r0, r3
 917 00a8 FFF7FEFF 		bl	osal_semp_pend
 918 00ac 0346     		mov	r3, r0
 919              		.loc 1 148 50 discriminator 1
 920 00ae 002B     		cmp	r3, #0
 921 00b0 0AD0     		beq	.L31
 149:c:/Users/MI/Documents/IoTLink/HWCup/user_main\user_main.c ****             {
 150:c:/Users/MI/Documents/IoTLink/HWCup/user_main\user_main.c ****                 grip_ChopSticks(status.rest_chop_sticks);
 922              		.loc 1 150 17
ARM GAS  C:\Users\MI\AppData\Local\Temp\ccTZcxF8.s 			page 20


 923 00b2 094B     		ldr	r3, .L33+4
 924 00b4 9B79     		ldrb	r3, [r3, #6]	@ zero_extendqisi2
 925 00b6 1846     		mov	r0, r3
 926 00b8 FFF7FEFF 		bl	grip_ChopSticks
 151:c:/Users/MI/Documents/IoTLink/HWCup/user_main\user_main.c ****                 status.rest_chop_sticks--;
 927              		.loc 1 151 23
 928 00bc 064B     		ldr	r3, .L33+4
 929 00be 9B79     		ldrb	r3, [r3, #6]	@ zero_extendqisi2
 930              		.loc 1 151 40
 931 00c0 013B     		subs	r3, r3, #1
 932 00c2 DAB2     		uxtb	r2, r3
 933 00c4 044B     		ldr	r3, .L33+4
 934 00c6 9A71     		strb	r2, [r3, #6]
 935              	.L31:
 152:c:/Users/MI/Documents/IoTLink/HWCup/user_main\user_main.c ****             }
 153:c:/Users/MI/Documents/IoTLink/HWCup/user_main\user_main.c ****             task_complete();
 936              		.loc 1 153 13
 937 00c8 FFF7FEFF 		bl	task_complete
 154:c:/Users/MI/Documents/IoTLink/HWCup/user_main\user_main.c ****             start_conveyor();
 938              		.loc 1 154 13
 939 00cc FFF7FEFF 		bl	start_conveyor
 135:c:/Users/MI/Documents/IoTLink/HWCup/user_main\user_main.c ****         {
 940              		.loc 1 135 12
 941 00d0 9FE7     		b	.L32
 942              	.L34:
 943 00d2 00BF     		.align	2
 944              	.L33:
 945 00d4 14000000 		.word	status+20
 946 00d8 00000000 		.word	status
 947 00dc 08010000 		.word	.LC17
 948              		.cfi_endproc
 949              	.LFE293:
 951              		.section	.rodata
 952 011b 00       		.align	2
 953              	.LC18:
 954 011c 0D0A5B46 		.ascii	"\015\012[F2]Reload\015\000"
 954      325D5265 
 954      6C6F6164 
 954      0D00
 955              		.section	.text.load_supply_entry,"ax",%progbits
 956              		.align	1
 957              		.syntax unified
 958              		.thumb
 959              		.thumb_func
 960              		.fpu fpv4-sp-d16
 962              	load_supply_entry:
 963              	.LFB294:
 155:c:/Users/MI/Documents/IoTLink/HWCup/user_main\user_main.c ****         }
 156:c:/Users/MI/Documents/IoTLink/HWCup/user_main\user_main.c ****     }
 157:c:/Users/MI/Documents/IoTLink/HWCup/user_main\user_main.c ****     return 0;
 158:c:/Users/MI/Documents/IoTLink/HWCup/user_main\user_main.c **** }
 159:c:/Users/MI/Documents/IoTLink/HWCup/user_main\user_main.c **** 
 160:c:/Users/MI/Documents/IoTLink/HWCup/user_main\user_main.c **** //F2按键中断控制物料补齐
 161:c:/Users/MI/Documents/IoTLink/HWCup/user_main\user_main.c **** static void load_supply_entry()
 162:c:/Users/MI/Documents/IoTLink/HWCup/user_main\user_main.c **** {
 964              		.loc 1 162 1
 965              		.cfi_startproc
ARM GAS  C:\Users\MI\AppData\Local\Temp\ccTZcxF8.s 			page 21


 966              		@ args = 0, pretend = 0, frame = 8
 967              		@ frame_needed = 1, uses_anonymous_args = 0
 968 0000 80B5     		push	{r7, lr}
 969              	.LCFI16:
 970              		.cfi_def_cfa_offset 8
 971              		.cfi_offset 7, -8
 972              		.cfi_offset 14, -4
 973 0002 82B0     		sub	sp, sp, #8
 974              	.LCFI17:
 975              		.cfi_def_cfa_offset 16
 976 0004 00AF     		add	r7, sp, #0
 977              	.LCFI18:
 978              		.cfi_def_cfa_register 7
 163:c:/Users/MI/Documents/IoTLink/HWCup/user_main\user_main.c ****     printf("\r\n[F2]Reload\r\n");
 979              		.loc 1 163 5
 980 0006 2348     		ldr	r0, .L41
 981 0008 FFF7FEFF 		bl	puts
 164:c:/Users/MI/Documents/IoTLink/HWCup/user_main\user_main.c ****     __HAL_GPIO_EXTI_CLEAR_FLAG(KEY2_Pin);
 982              		.loc 1 164 5
 983 000c 224B     		ldr	r3, .L41+4
 984 000e 0822     		movs	r2, #8
 985 0010 5A61     		str	r2, [r3, #20]
 986              	.LBB3:
 165:c:/Users/MI/Documents/IoTLink/HWCup/user_main\user_main.c ****     for (int i = 0; i < 2; i++)
 987              		.loc 1 165 14
 988 0012 0023     		movs	r3, #0
 989 0014 7B60     		str	r3, [r7, #4]
 990              		.loc 1 165 5
 991 0016 35E0     		b	.L36
 992              	.L40:
 166:c:/Users/MI/Documents/IoTLink/HWCup/user_main\user_main.c ****     {
 167:c:/Users/MI/Documents/IoTLink/HWCup/user_main\user_main.c ****         if (status.rest_red_sauces == i)
 993              		.loc 1 167 19
 994 0018 204B     		ldr	r3, .L41+8
 995 001a 1B79     		ldrb	r3, [r3, #4]	@ zero_extendqisi2
 996 001c 1A46     		mov	r2, r3
 997              		.loc 1 167 12
 998 001e 7B68     		ldr	r3, [r7, #4]
 999 0020 9342     		cmp	r3, r2
 1000 0022 0AD1     		bne	.L37
 168:c:/Users/MI/Documents/IoTLink/HWCup/user_main\user_main.c ****         {
 169:c:/Users/MI/Documents/IoTLink/HWCup/user_main\user_main.c ****             osal_semp_post(status.sync_red_sauces);
 1001              		.loc 1 169 13
 1002 0024 1D4B     		ldr	r3, .L41+8
 1003 0026 9B68     		ldr	r3, [r3, #8]
 1004 0028 1846     		mov	r0, r3
 1005 002a FFF7FEFF 		bl	osal_semp_post
 170:c:/Users/MI/Documents/IoTLink/HWCup/user_main\user_main.c ****             status.rest_red_sauces++;
 1006              		.loc 1 170 19
 1007 002e 1B4B     		ldr	r3, .L41+8
 1008 0030 1B79     		ldrb	r3, [r3, #4]	@ zero_extendqisi2
 1009              		.loc 1 170 35
 1010 0032 0133     		adds	r3, r3, #1
 1011 0034 DAB2     		uxtb	r2, r3
 1012 0036 194B     		ldr	r3, .L41+8
 1013 0038 1A71     		strb	r2, [r3, #4]
 1014              	.L37:
ARM GAS  C:\Users\MI\AppData\Local\Temp\ccTZcxF8.s 			page 22


 171:c:/Users/MI/Documents/IoTLink/HWCup/user_main\user_main.c ****         }
 172:c:/Users/MI/Documents/IoTLink/HWCup/user_main\user_main.c ****         if (status.rest_green_sauces == i)
 1015              		.loc 1 172 19
 1016 003a 184B     		ldr	r3, .L41+8
 1017 003c 5B79     		ldrb	r3, [r3, #5]	@ zero_extendqisi2
 1018 003e 1A46     		mov	r2, r3
 1019              		.loc 1 172 12
 1020 0040 7B68     		ldr	r3, [r7, #4]
 1021 0042 9342     		cmp	r3, r2
 1022 0044 0AD1     		bne	.L38
 173:c:/Users/MI/Documents/IoTLink/HWCup/user_main\user_main.c ****         {
 174:c:/Users/MI/Documents/IoTLink/HWCup/user_main\user_main.c ****             osal_semp_post(status.sync_green_sauces);
 1023              		.loc 1 174 13
 1024 0046 154B     		ldr	r3, .L41+8
 1025 0048 DB68     		ldr	r3, [r3, #12]
 1026 004a 1846     		mov	r0, r3
 1027 004c FFF7FEFF 		bl	osal_semp_post
 175:c:/Users/MI/Documents/IoTLink/HWCup/user_main\user_main.c ****             status.rest_green_sauces++;
 1028              		.loc 1 175 19
 1029 0050 124B     		ldr	r3, .L41+8
 1030 0052 5B79     		ldrb	r3, [r3, #5]	@ zero_extendqisi2
 1031              		.loc 1 175 37
 1032 0054 0133     		adds	r3, r3, #1
 1033 0056 DAB2     		uxtb	r2, r3
 1034 0058 104B     		ldr	r3, .L41+8
 1035 005a 5A71     		strb	r2, [r3, #5]
 1036              	.L38:
 176:c:/Users/MI/Documents/IoTLink/HWCup/user_main\user_main.c ****         }
 177:c:/Users/MI/Documents/IoTLink/HWCup/user_main\user_main.c ****         if (status.rest_chop_sticks == i)
 1037              		.loc 1 177 19
 1038 005c 0F4B     		ldr	r3, .L41+8
 1039 005e 9B79     		ldrb	r3, [r3, #6]	@ zero_extendqisi2
 1040 0060 1A46     		mov	r2, r3
 1041              		.loc 1 177 12
 1042 0062 7B68     		ldr	r3, [r7, #4]
 1043 0064 9342     		cmp	r3, r2
 1044 0066 0AD1     		bne	.L39
 178:c:/Users/MI/Documents/IoTLink/HWCup/user_main\user_main.c ****         {
 179:c:/Users/MI/Documents/IoTLink/HWCup/user_main\user_main.c ****             osal_semp_post(status.sync_chop_sticks);
 1045              		.loc 1 179 13
 1046 0068 0C4B     		ldr	r3, .L41+8
 1047 006a 1B69     		ldr	r3, [r3, #16]
 1048 006c 1846     		mov	r0, r3
 1049 006e FFF7FEFF 		bl	osal_semp_post
 180:c:/Users/MI/Documents/IoTLink/HWCup/user_main\user_main.c ****             status.rest_chop_sticks++;
 1050              		.loc 1 180 19
 1051 0072 0A4B     		ldr	r3, .L41+8
 1052 0074 9B79     		ldrb	r3, [r3, #6]	@ zero_extendqisi2
 1053              		.loc 1 180 36
 1054 0076 0133     		adds	r3, r3, #1
 1055 0078 DAB2     		uxtb	r2, r3
 1056 007a 084B     		ldr	r3, .L41+8
 1057 007c 9A71     		strb	r2, [r3, #6]
 1058              	.L39:
 165:c:/Users/MI/Documents/IoTLink/HWCup/user_main\user_main.c ****     {
 1059              		.loc 1 165 29 discriminator 2
 1060 007e 7B68     		ldr	r3, [r7, #4]
ARM GAS  C:\Users\MI\AppData\Local\Temp\ccTZcxF8.s 			page 23


 1061 0080 0133     		adds	r3, r3, #1
 1062 0082 7B60     		str	r3, [r7, #4]
 1063              	.L36:
 165:c:/Users/MI/Documents/IoTLink/HWCup/user_main\user_main.c ****     {
 1064              		.loc 1 165 5 discriminator 1
 1065 0084 7B68     		ldr	r3, [r7, #4]
 1066 0086 012B     		cmp	r3, #1
 1067 0088 C6DD     		ble	.L40
 1068              	.LBE3:
 181:c:/Users/MI/Documents/IoTLink/HWCup/user_main\user_main.c ****         }
 182:c:/Users/MI/Documents/IoTLink/HWCup/user_main\user_main.c ****     }
 183:c:/Users/MI/Documents/IoTLink/HWCup/user_main\user_main.c **** }
 1069              		.loc 1 183 1
 1070 008a 00BF     		nop
 1071 008c 00BF     		nop
 1072 008e 0837     		adds	r7, r7, #8
 1073              	.LCFI19:
 1074              		.cfi_def_cfa_offset 8
 1075 0090 BD46     		mov	sp, r7
 1076              	.LCFI20:
 1077              		.cfi_def_cfa_register 13
 1078              		@ sp needed
 1079 0092 80BD     		pop	{r7, pc}
 1080              	.L42:
 1081              		.align	2
 1082              	.L41:
 1083 0094 1C010000 		.word	.LC18
 1084 0098 00040140 		.word	1073808384
 1085 009c 00000000 		.word	status
 1086              		.cfi_endproc
 1087              	.LFE294:
 1089              		.section	.rodata
 1090 012a 0000     		.align	2
 1091              	.LC19:
 1092 012c 7265706F 		.ascii	"report_task\000"
 1092      72745F74 
 1092      61736B00 
 1093              		.align	2
 1094              	.LC20:
 1095 0138 72657370 		.ascii	"resp_task\000"
 1095      5F746173 
 1095      6B00
 1096 0142 0000     		.align	2
 1097              	.LC21:
 1098 0144 646F626F 		.ascii	"dobot_task\000"
 1098      745F7461 
 1098      736B00
 1099 014f 00       		.align	2
 1100              	.LC22:
 1101 0150 636F6E76 		.ascii	"conveyor_task\000"
 1101      65796F72 
 1101      5F746173 
 1101      6B00
 1102              		.section	.text.standard_app_demo_main,"ax",%progbits
 1103              		.align	1
 1104              		.global	standard_app_demo_main
 1105              		.syntax unified
ARM GAS  C:\Users\MI\AppData\Local\Temp\ccTZcxF8.s 			page 24


 1106              		.thumb
 1107              		.thumb_func
 1108              		.fpu fpv4-sp-d16
 1110              	standard_app_demo_main:
 1111              	.LFB295:
 184:c:/Users/MI/Documents/IoTLink/HWCup/user_main\user_main.c **** 
 185:c:/Users/MI/Documents/IoTLink/HWCup/user_main\user_main.c **** int standard_app_demo_main()
 186:c:/Users/MI/Documents/IoTLink/HWCup/user_main\user_main.c **** {
 1112              		.loc 1 186 1
 1113              		.cfi_startproc
 1114              		@ args = 0, pretend = 0, frame = 0
 1115              		@ frame_needed = 1, uses_anonymous_args = 0
 1116 0000 80B5     		push	{r7, lr}
 1117              	.LCFI21:
 1118              		.cfi_def_cfa_offset 8
 1119              		.cfi_offset 7, -8
 1120              		.cfi_offset 14, -4
 1121 0002 82B0     		sub	sp, sp, #8
 1122              	.LCFI22:
 1123              		.cfi_def_cfa_offset 16
 1124 0004 02AF     		add	r7, sp, #8
 1125              	.LCFI23:
 1126              		.cfi_def_cfa 7, 8
 187:c:/Users/MI/Documents/IoTLink/HWCup/user_main\user_main.c ****     osal_semp_create(&mqtt_rcv_sync, 1, 0);
 1127              		.loc 1 187 5
 1128 0006 0022     		movs	r2, #0
 1129 0008 0121     		movs	r1, #1
 1130 000a 3048     		ldr	r0, .L45
 1131 000c FFF7FEFF 		bl	osal_semp_create
 188:c:/Users/MI/Documents/IoTLink/HWCup/user_main\user_main.c ****     osal_semp_create(&report_sync, 1, 0);
 1132              		.loc 1 188 5
 1133 0010 0022     		movs	r2, #0
 1134 0012 0121     		movs	r1, #1
 1135 0014 2E48     		ldr	r0, .L45+4
 1136 0016 FFF7FEFF 		bl	osal_semp_create
 189:c:/Users/MI/Documents/IoTLink/HWCup/user_main\user_main.c **** 
 190:c:/Users/MI/Documents/IoTLink/HWCup/user_main\user_main.c ****     (void)memset(&status, 0, sizeof(status));
 1137              		.loc 1 190 11
 1138 001a 1C22     		movs	r2, #28
 1139 001c 0021     		movs	r1, #0
 1140 001e 2D48     		ldr	r0, .L45+8
 1141 0020 FFF7FEFF 		bl	memset
 191:c:/Users/MI/Documents/IoTLink/HWCup/user_main\user_main.c ****     status.id = 1;
 1142              		.loc 1 191 15
 1143 0024 2B4B     		ldr	r3, .L45+8
 1144 0026 0122     		movs	r2, #1
 1145 0028 1A70     		strb	r2, [r3]
 192:c:/Users/MI/Documents/IoTLink/HWCup/user_main\user_main.c ****     status.rest_red_sauces = 2;
 1146              		.loc 1 192 28
 1147 002a 2A4B     		ldr	r3, .L45+8
 1148 002c 0222     		movs	r2, #2
 1149 002e 1A71     		strb	r2, [r3, #4]
 193:c:/Users/MI/Documents/IoTLink/HWCup/user_main\user_main.c ****     status.rest_green_sauces = 2;
 1150              		.loc 1 193 30
 1151 0030 284B     		ldr	r3, .L45+8
 1152 0032 0222     		movs	r2, #2
 1153 0034 5A71     		strb	r2, [r3, #5]
ARM GAS  C:\Users\MI\AppData\Local\Temp\ccTZcxF8.s 			page 25


 194:c:/Users/MI/Documents/IoTLink/HWCup/user_main\user_main.c ****     status.rest_chop_sticks = 2;
 1154              		.loc 1 194 29
 1155 0036 274B     		ldr	r3, .L45+8
 1156 0038 0222     		movs	r2, #2
 1157 003a 9A71     		strb	r2, [r3, #6]
 195:c:/Users/MI/Documents/IoTLink/HWCup/user_main\user_main.c ****     osal_semp_create(&status.sync_red_sauces, 2, 2);
 1158              		.loc 1 195 5
 1159 003c 0222     		movs	r2, #2
 1160 003e 0221     		movs	r1, #2
 1161 0040 2548     		ldr	r0, .L45+12
 1162 0042 FFF7FEFF 		bl	osal_semp_create
 196:c:/Users/MI/Documents/IoTLink/HWCup/user_main\user_main.c ****     osal_semp_create(&status.sync_green_sauces, 2, 2);
 1163              		.loc 1 196 5
 1164 0046 0222     		movs	r2, #2
 1165 0048 0221     		movs	r1, #2
 1166 004a 2448     		ldr	r0, .L45+16
 1167 004c FFF7FEFF 		bl	osal_semp_create
 197:c:/Users/MI/Documents/IoTLink/HWCup/user_main\user_main.c ****     osal_semp_create(&status.sync_chop_sticks, 2, 2);
 1168              		.loc 1 197 5
 1169 0050 0222     		movs	r2, #2
 1170 0052 0221     		movs	r1, #2
 1171 0054 2248     		ldr	r0, .L45+20
 1172 0056 FFF7FEFF 		bl	osal_semp_create
 198:c:/Users/MI/Documents/IoTLink/HWCup/user_main\user_main.c **** 
 199:c:/Users/MI/Documents/IoTLink/HWCup/user_main\user_main.c ****     osal_int_connect(EXTI3_IRQn, 4, 0, load_supply_entry, NULL);
 1173              		.loc 1 199 5
 1174 005a 0023     		movs	r3, #0
 1175 005c 0093     		str	r3, [sp]
 1176 005e 214B     		ldr	r3, .L45+24
 1177 0060 0022     		movs	r2, #0
 1178 0062 0421     		movs	r1, #4
 1179 0064 0920     		movs	r0, #9
 1180 0066 FFF7FEFF 		bl	osal_int_connect
 200:c:/Users/MI/Documents/IoTLink/HWCup/user_main\user_main.c **** 
 201:c:/Users/MI/Documents/IoTLink/HWCup/user_main\user_main.c ****     osal_task_create("report_task", app_report_task_entry, NULL, 0x1000, NULL, 11);
 1181              		.loc 1 201 5
 1182 006a 0B23     		movs	r3, #11
 1183 006c 0193     		str	r3, [sp, #4]
 1184 006e 0023     		movs	r3, #0
 1185 0070 0093     		str	r3, [sp]
 1186 0072 4FF48053 		mov	r3, #4096
 1187 0076 0022     		movs	r2, #0
 1188 0078 1B49     		ldr	r1, .L45+28
 1189 007a 1C48     		ldr	r0, .L45+32
 1190 007c FFF7FEFF 		bl	osal_task_create
 202:c:/Users/MI/Documents/IoTLink/HWCup/user_main\user_main.c ****     // osal_task_create("cmd_task", app_cmd_task_entry, NULL, 0x600, NULL, 12);
 203:c:/Users/MI/Documents/IoTLink/HWCup/user_main\user_main.c ****     osal_task_create("resp_task", RasPi_cmd_task_entry, NULL, 0x400, NULL, 13);
 1191              		.loc 1 203 5
 1192 0080 0D23     		movs	r3, #13
 1193 0082 0193     		str	r3, [sp, #4]
 1194 0084 0023     		movs	r3, #0
 1195 0086 0093     		str	r3, [sp]
 1196 0088 4FF48063 		mov	r3, #1024
 1197 008c 0022     		movs	r2, #0
 1198 008e 1849     		ldr	r1, .L45+36
 1199 0090 1848     		ldr	r0, .L45+40
 1200 0092 FFF7FEFF 		bl	osal_task_create
ARM GAS  C:\Users\MI\AppData\Local\Temp\ccTZcxF8.s 			page 26


 204:c:/Users/MI/Documents/IoTLink/HWCup/user_main\user_main.c ****     osal_task_create("dobot_task", dobot_task_entry, NULL, 0x400, NULL, 13);
 1201              		.loc 1 204 5
 1202 0096 0D23     		movs	r3, #13
 1203 0098 0193     		str	r3, [sp, #4]
 1204 009a 0023     		movs	r3, #0
 1205 009c 0093     		str	r3, [sp]
 1206 009e 4FF48063 		mov	r3, #1024
 1207 00a2 0022     		movs	r2, #0
 1208 00a4 1449     		ldr	r1, .L45+44
 1209 00a6 1548     		ldr	r0, .L45+48
 1210 00a8 FFF7FEFF 		bl	osal_task_create
 205:c:/Users/MI/Documents/IoTLink/HWCup/user_main\user_main.c ****     osal_task_create("conveyor_task", conveyor_task_entry, NULL, 0x400, NULL, 9);
 1211              		.loc 1 205 5
 1212 00ac 0923     		movs	r3, #9
 1213 00ae 0193     		str	r3, [sp, #4]
 1214 00b0 0023     		movs	r3, #0
 1215 00b2 0093     		str	r3, [sp]
 1216 00b4 4FF48063 		mov	r3, #1024
 1217 00b8 0022     		movs	r2, #0
 1218 00ba 1149     		ldr	r1, .L45+52
 1219 00bc 1148     		ldr	r0, .L45+56
 1220 00be FFF7FEFF 		bl	osal_task_create
 206:c:/Users/MI/Documents/IoTLink/HWCup/user_main\user_main.c ****     return 0;
 1221              		.loc 1 206 12
 1222 00c2 0023     		movs	r3, #0
 207:c:/Users/MI/Documents/IoTLink/HWCup/user_main\user_main.c **** }
 1223              		.loc 1 207 1
 1224 00c4 1846     		mov	r0, r3
 1225 00c6 BD46     		mov	sp, r7
 1226              	.LCFI24:
 1227              		.cfi_def_cfa_register 13
 1228              		@ sp needed
 1229 00c8 80BD     		pop	{r7, pc}
 1230              	.L46:
 1231 00ca 00BF     		.align	2
 1232              	.L45:
 1233 00cc 00000000 		.word	mqtt_rcv_sync
 1234 00d0 00000000 		.word	report_sync
 1235 00d4 00000000 		.word	status
 1236 00d8 08000000 		.word	status+8
 1237 00dc 0C000000 		.word	status+12
 1238 00e0 10000000 		.word	status+16
 1239 00e4 00000000 		.word	load_supply_entry
 1240 00e8 00000000 		.word	app_report_task_entry
 1241 00ec 2C010000 		.word	.LC19
 1242 00f0 00000000 		.word	RasPi_cmd_task_entry
 1243 00f4 38010000 		.word	.LC20
 1244 00f8 00000000 		.word	dobot_task_entry
 1245 00fc 44010000 		.word	.LC21
 1246 0100 00000000 		.word	conveyor_task_entry
 1247 0104 50010000 		.word	.LC22
 1248              		.cfi_endproc
 1249              	.LFE295:
 1251              		.text
 1252              	.Letext0:
 1253              		.file 2 "c:\\users\\mi\\.iotlink\\tools\\gcc-arm-none-eabi\\arm-none-eabi\\include\\machine\\_defa
 1254              		.file 3 "c:\\users\\mi\\.iotlink\\tools\\gcc-arm-none-eabi\\arm-none-eabi\\include\\sys\\_stdint.h
ARM GAS  C:\Users\MI\AppData\Local\Temp\ccTZcxF8.s 			page 27


 1255              		.file 4 "c:\\users\\mi\\.iotlink\\tools\\gcc-arm-none-eabi\\arm-none-eabi\\include\\sys\\lock.h"
 1256              		.file 5 "c:\\users\\mi\\.iotlink\\tools\\gcc-arm-none-eabi\\arm-none-eabi\\include\\sys\\_types.h"
 1257              		.file 6 "c:\\users\\mi\\.iotlink\\tools\\gcc-arm-none-eabi\\lib\\gcc\\arm-none-eabi\\9.2.1\\includ
 1258              		.file 7 "c:\\users\\mi\\.iotlink\\tools\\gcc-arm-none-eabi\\arm-none-eabi\\include\\sys\\reent.h"
 1259              		.file 8 "c:\\users\\mi\\.iotlink\\tools\\gcc-arm-none-eabi\\arm-none-eabi\\include\\stdlib.h"
 1260              		.file 9 "C:/Users/MI/.iotlink/sdk/IoT_LINK/iot_link/os/liteos/include/los_typedef.h"
 1261              		.file 10 "C:/Users/MI/.iotlink/sdk/IoT_LINK/iot_link/os/liteos/arch/arm/common/cmsis/core_cm4.h"
 1262              		.file 11 "c:/Users/MI/Documents/IoTLink/HWCup/Inc/system_stm32l4xx.h"
 1263              		.file 12 "c:/Users/MI/Documents/IoTLink/HWCup/Inc/stm32l431xx.h"
 1264              		.file 13 "C:/Users/MI/.iotlink/sdk/IoT_LINK/iot_link/os/liteos/include/los_config.h"
 1265              		.file 14 "C:/Users/MI/.iotlink/sdk/IoT_LINK/iot_link/os/liteos/include/los_err.h"
 1266              		.file 15 "C:/Users/MI/.iotlink/sdk/IoT_LINK/iot_link/os/liteos/arch/arm/arm-m/include/los_hwi.h"
 1267              		.file 16 "C:/Users/MI/.iotlink/sdk/IoT_LINK/drivers/third_party/ST/STM32L4xx_HAL_Driver/Inc/stm32l
 1268              		.file 17 "C:/Users/MI/.iotlink/sdk/IoT_LINK/drivers/third_party/ST/STM32L4xx_HAL_Driver/Inc/stm32l
 1269              		.file 18 "C:/Users/MI/.iotlink/sdk/IoT_LINK/drivers/third_party/ST/STM32L4xx_HAL_Driver/Inc/stm32l
 1270              		.file 19 "c:/Users/MI/Documents/IoTLink/HWCup/Inc/usart.h"
 1271              		.file 20 "C:/Users/MI/.iotlink/sdk/IoT_LINK/iot_link/os/osal/osal_types.h"
 1272              		.file 21 "C:/Users/MI/.iotlink/sdk/IoT_LINK/iot_link/cJSON/cJSON.h"
 1273              		.file 22 "c:/Users/MI/Documents/IoTLink/HWCup/Hardware/LCD/lcd.h"
 1274              		.file 23 "c:/Users/MI/Documents/IoTLink/HWCup/Hardware/emw3080/EMW3080.h"
 1275              		.file 24 "C:/Users/MI/.iotlink/sdk/IoT_LINK/iot_link/os/liteos/include/los_tick.h"
 1276              		.file 25 "C:/Users/MI/.iotlink/sdk/IoT_LINK/iot_link/os/liteos/include/los_task.h"
 1277              		.file 26 "c:/Users/MI/Documents/IoTLink/HWCup/Hardware/dobot/dobot_cmd.h"
 1278              		.file 27 "c:/Users/MI/Documents/IoTLink/HWCup/Hardware/dobot/dobot.h"
 1279              		.file 28 "c:/Users/MI/Documents/IoTLink/HWCup/user_main/user_main.h"
ARM GAS  C:\Users\MI\AppData\Local\Temp\ccTZcxF8.s 			page 28


DEFINED SYMBOLS
                            *ABS*:00000000 user_main.c
C:\Users\MI\AppData\Local\Temp\ccTZcxF8.s:18     .rodata.ChopSticks1:00000000 $d
C:\Users\MI\AppData\Local\Temp\ccTZcxF8.s:21     .rodata.ChopSticks1:00000000 ChopSticks1
C:\Users\MI\AppData\Local\Temp\ccTZcxF8.s:38     .rodata.ChopSticks2:00000000 $d
C:\Users\MI\AppData\Local\Temp\ccTZcxF8.s:41     .rodata.ChopSticks2:00000000 ChopSticks2
C:\Users\MI\AppData\Local\Temp\ccTZcxF8.s:58     .rodata.ChopSticksDes:00000000 $d
C:\Users\MI\AppData\Local\Temp\ccTZcxF8.s:61     .rodata.ChopSticksDes:00000000 ChopSticksDes
C:\Users\MI\AppData\Local\Temp\ccTZcxF8.s:68     .rodata.RedSauce1:00000000 $d
C:\Users\MI\AppData\Local\Temp\ccTZcxF8.s:71     .rodata.RedSauce1:00000000 RedSauce1
C:\Users\MI\AppData\Local\Temp\ccTZcxF8.s:88     .rodata.RedSauce2:00000000 $d
C:\Users\MI\AppData\Local\Temp\ccTZcxF8.s:91     .rodata.RedSauce2:00000000 RedSauce2
C:\Users\MI\AppData\Local\Temp\ccTZcxF8.s:108    .rodata.SauceDes:00000000 $d
C:\Users\MI\AppData\Local\Temp\ccTZcxF8.s:111    .rodata.SauceDes:00000000 SauceDes
C:\Users\MI\AppData\Local\Temp\ccTZcxF8.s:118    .rodata.GreenSauce1:00000000 $d
C:\Users\MI\AppData\Local\Temp\ccTZcxF8.s:121    .rodata.GreenSauce1:00000000 GreenSauce1
C:\Users\MI\AppData\Local\Temp\ccTZcxF8.s:138    .rodata.GreenSauce2:00000000 $d
C:\Users\MI\AppData\Local\Temp\ccTZcxF8.s:141    .rodata.GreenSauce2:00000000 GreenSauce2
C:\Users\MI\AppData\Local\Temp\ccTZcxF8.s:158    .rodata.gPTPCoordinateParams:00000000 $d
C:\Users\MI\AppData\Local\Temp\ccTZcxF8.s:161    .rodata.gPTPCoordinateParams:00000000 gPTPCoordinateParams
C:\Users\MI\AppData\Local\Temp\ccTZcxF8.s:167    .rodata.gPTPCommonParams:00000000 $d
C:\Users\MI\AppData\Local\Temp\ccTZcxF8.s:170    .rodata.gPTPCommonParams:00000000 gPTPCommonParams
C:\Users\MI\AppData\Local\Temp\ccTZcxF8.s:174    .rodata.Idle:00000000 $d
C:\Users\MI\AppData\Local\Temp\ccTZcxF8.s:177    .rodata.Idle:00000000 Idle
                            *COM*:00000400 emw3080_rcv_data
                            *COM*:00000001 RasPi_rcv_byte
                            *COM*:00000040 RasPi_rcv_data
                            *COM*:00000004 RasPi_rcv_sync
                            *COM*:00000004 mqtt_rcv_sync
                            *COM*:00000004 report_sync
                            *COM*:0000001c status
C:\Users\MI\AppData\Local\Temp\ccTZcxF8.s:191    .rodata:00000000 $d
C:\Users\MI\AppData\Local\Temp\ccTZcxF8.s:225    .text.app_report_task_entry:00000000 $t
C:\Users\MI\AppData\Local\Temp\ccTZcxF8.s:232    .text.app_report_task_entry:00000000 app_report_task_entry
C:\Users\MI\AppData\Local\Temp\ccTZcxF8.s:419    .text.app_report_task_entry:00000150 $d
C:\Users\MI\AppData\Local\Temp\ccTZcxF8.s:436    .text.app_cmd_task_entry:00000000 $t
C:\Users\MI\AppData\Local\Temp\ccTZcxF8.s:442    .text.app_cmd_task_entry:00000000 app_cmd_task_entry
C:\Users\MI\AppData\Local\Temp\ccTZcxF8.s:468    .text.app_cmd_task_entry:00000014 $d
C:\Users\MI\AppData\Local\Temp\ccTZcxF8.s:477    .text.infrared_interrupt_entry:00000000 $t
C:\Users\MI\AppData\Local\Temp\ccTZcxF8.s:483    .text.infrared_interrupt_entry:00000000 infrared_interrupt_entry
C:\Users\MI\AppData\Local\Temp\ccTZcxF8.s:515    .text.infrared_interrupt_entry:00000020 $d
C:\Users\MI\AppData\Local\Temp\ccTZcxF8.s:526    .text.task_complete:00000000 $t
C:\Users\MI\AppData\Local\Temp\ccTZcxF8.s:533    .text.task_complete:00000000 task_complete
C:\Users\MI\AppData\Local\Temp\ccTZcxF8.s:580    .text.task_complete:00000034 $d
C:\Users\MI\AppData\Local\Temp\ccTZcxF8.s:590    .text.conveyor_task_entry:00000000 $t
C:\Users\MI\AppData\Local\Temp\ccTZcxF8.s:596    .text.conveyor_task_entry:00000000 conveyor_task_entry
C:\Users\MI\AppData\Local\Temp\ccTZcxF8.s:667    .text.conveyor_task_entry:00000064 $d
C:\Users\MI\AppData\Local\Temp\ccTZcxF8.s:686    .text.RasPi_cmd_task_entry:00000000 $t
C:\Users\MI\AppData\Local\Temp\ccTZcxF8.s:692    .text.RasPi_cmd_task_entry:00000000 RasPi_cmd_task_entry
C:\Users\MI\AppData\Local\Temp\ccTZcxF8.s:790    .text.RasPi_cmd_task_entry:00000090 $d
C:\Users\MI\AppData\Local\Temp\ccTZcxF8.s:805    .text.dobot_task_entry:00000000 $t
C:\Users\MI\AppData\Local\Temp\ccTZcxF8.s:811    .text.dobot_task_entry:00000000 dobot_task_entry
C:\Users\MI\AppData\Local\Temp\ccTZcxF8.s:945    .text.dobot_task_entry:000000d4 $d
C:\Users\MI\AppData\Local\Temp\ccTZcxF8.s:956    .text.load_supply_entry:00000000 $t
C:\Users\MI\AppData\Local\Temp\ccTZcxF8.s:962    .text.load_supply_entry:00000000 load_supply_entry
C:\Users\MI\AppData\Local\Temp\ccTZcxF8.s:1083   .text.load_supply_entry:00000094 $d
C:\Users\MI\AppData\Local\Temp\ccTZcxF8.s:1103   .text.standard_app_demo_main:00000000 $t
ARM GAS  C:\Users\MI\AppData\Local\Temp\ccTZcxF8.s 			page 29


C:\Users\MI\AppData\Local\Temp\ccTZcxF8.s:1110   .text.standard_app_demo_main:00000000 standard_app_demo_main
C:\Users\MI\AppData\Local\Temp\ccTZcxF8.s:1233   .text.standard_app_demo_main:000000cc $d

UNDEFINED SYMBOLS
emw3080_wifi_init
emw3080_mqtt_init
osal_semp_pend
cJSON_CreateObject
cJSON_CreateArray
memset
snprintf
cJSON_CreateRaw
cJSON_AddItemToObject
cJSON_CreateString
cJSON_PrintUnformatted
printf
emw3080_publish
free
cJSON_Delete
puts
osal_semp_post
osal_semp_create
conveyor_init
start_conveyor
osal_int_connect
osal_task_sleep
stop_conveyor
RasPi_request
RasPi_uart_init
dobot_init
grip_RedSauce
grip_GreenSauce
grip_ChopSticks
osal_task_create
