ARM GAS  C:\Users\MI\AppData\Local\Temp\ccvTaGH2.s 			page 1


   1              		.cpu cortex-m4
   2              		.eabi_attribute 27, 1
   3              		.eabi_attribute 28, 1
   4              		.eabi_attribute 20, 1
   5              		.eabi_attribute 21, 1
   6              		.eabi_attribute 23, 3
   7              		.eabi_attribute 24, 1
   8              		.eabi_attribute 25, 1
   9              		.eabi_attribute 26, 1
  10              		.eabi_attribute 30, 6
  11              		.eabi_attribute 34, 1
  12              		.eabi_attribute 18, 4
  13              		.file	"conveyor.c"
  14              		.text
  15              	.Ltext0:
  16              		.cfi_sections	.debug_frame
  17              		.comm	htim2,64,4
  18              		.section	.rodata
  19              		.align	2
  20              	.LC0:
  21 0000 633A2F55 		.ascii	"c:/Users/MI/Documents/IoTLink/HWCup/Hardware/convey"
  21      73657273 
  21      2F4D492F 
  21      446F6375 
  21      6D656E74 
  22 0033 6F722F63 		.ascii	"or/conveyor.c\000"
  22      6F6E7665 
  22      796F722E 
  22      6300
  23              		.section	.text.MX_TIM2_Init,"ax",%progbits
  24              		.align	1
  25              		.global	MX_TIM2_Init
  26              		.arch armv7e-m
  27              		.syntax unified
  28              		.thumb
  29              		.thumb_func
  30              		.fpu fpv4-sp-d16
  32              	MX_TIM2_Init:
  33              	.LFB287:
  34              		.file 1 "c:/Users/MI/Documents/IoTLink/HWCup/Hardware/conveyor/conveyor.c"
   1:c:/Users/MI/Documents/IoTLink/HWCup/Hardware/conveyor\conveyor.c **** #include <conveyor.h>
   2:c:/Users/MI/Documents/IoTLink/HWCup/Hardware/conveyor\conveyor.c **** 
   3:c:/Users/MI/Documents/IoTLink/HWCup/Hardware/conveyor\conveyor.c **** TIM_HandleTypeDef htim2;
   4:c:/Users/MI/Documents/IoTLink/HWCup/Hardware/conveyor\conveyor.c **** 
   5:c:/Users/MI/Documents/IoTLink/HWCup/Hardware/conveyor\conveyor.c **** void MX_TIM2_Init(void)
   6:c:/Users/MI/Documents/IoTLink/HWCup/Hardware/conveyor\conveyor.c **** {
  35              		.loc 1 6 1
  36              		.cfi_startproc
  37              		@ args = 0, pretend = 0, frame = 56
  38              		@ frame_needed = 1, uses_anonymous_args = 0
  39 0000 80B5     		push	{r7, lr}
  40              	.LCFI0:
  41              		.cfi_def_cfa_offset 8
  42              		.cfi_offset 7, -8
  43              		.cfi_offset 14, -4
  44 0002 8EB0     		sub	sp, sp, #56
  45              	.LCFI1:
ARM GAS  C:\Users\MI\AppData\Local\Temp\ccvTaGH2.s 			page 2


  46              		.cfi_def_cfa_offset 64
  47 0004 00AF     		add	r7, sp, #0
  48              	.LCFI2:
  49              		.cfi_def_cfa_register 7
   7:c:/Users/MI/Documents/IoTLink/HWCup/Hardware/conveyor\conveyor.c ****     TIM_ClockConfigTypeDef sClockSourceConfig = {0};
  50              		.loc 1 7 28
  51 0006 07F12803 		add	r3, r7, #40
  52 000a 0022     		movs	r2, #0
  53 000c 1A60     		str	r2, [r3]
  54 000e 5A60     		str	r2, [r3, #4]
  55 0010 9A60     		str	r2, [r3, #8]
  56 0012 DA60     		str	r2, [r3, #12]
   8:c:/Users/MI/Documents/IoTLink/HWCup/Hardware/conveyor\conveyor.c ****     TIM_MasterConfigTypeDef sMasterConfig = {0};
  57              		.loc 1 8 29
  58 0014 07F11C03 		add	r3, r7, #28
  59 0018 0022     		movs	r2, #0
  60 001a 1A60     		str	r2, [r3]
  61 001c 5A60     		str	r2, [r3, #4]
  62 001e 9A60     		str	r2, [r3, #8]
   9:c:/Users/MI/Documents/IoTLink/HWCup/Hardware/conveyor\conveyor.c ****     TIM_OC_InitTypeDef sConfigOC = {0};
  63              		.loc 1 9 24
  64 0020 3B46     		mov	r3, r7
  65 0022 0022     		movs	r2, #0
  66 0024 1A60     		str	r2, [r3]
  67 0026 5A60     		str	r2, [r3, #4]
  68 0028 9A60     		str	r2, [r3, #8]
  69 002a DA60     		str	r2, [r3, #12]
  70 002c 1A61     		str	r2, [r3, #16]
  71 002e 5A61     		str	r2, [r3, #20]
  72 0030 9A61     		str	r2, [r3, #24]
  10:c:/Users/MI/Documents/IoTLink/HWCup/Hardware/conveyor\conveyor.c **** 
  11:c:/Users/MI/Documents/IoTLink/HWCup/Hardware/conveyor\conveyor.c ****     htim2.Instance = TIM2;
  73              		.loc 1 11 20
  74 0032 374B     		ldr	r3, .L7
  75 0034 4FF08042 		mov	r2, #1073741824
  76 0038 1A60     		str	r2, [r3]
  12:c:/Users/MI/Documents/IoTLink/HWCup/Hardware/conveyor\conveyor.c ****     htim2.Init.Prescaler = 999;
  77              		.loc 1 12 26
  78 003a 354B     		ldr	r3, .L7
  79 003c 40F2E732 		movw	r2, #999
  80 0040 5A60     		str	r2, [r3, #4]
  13:c:/Users/MI/Documents/IoTLink/HWCup/Hardware/conveyor\conveyor.c ****     htim2.Init.CounterMode = TIM_COUNTERMODE_DOWN;
  81              		.loc 1 13 28
  82 0042 334B     		ldr	r3, .L7
  83 0044 1022     		movs	r2, #16
  84 0046 9A60     		str	r2, [r3, #8]
  14:c:/Users/MI/Documents/IoTLink/HWCup/Hardware/conveyor\conveyor.c ****     htim2.Init.Period = 40;
  85              		.loc 1 14 23
  86 0048 314B     		ldr	r3, .L7
  87 004a 2822     		movs	r2, #40
  88 004c DA60     		str	r2, [r3, #12]
  15:c:/Users/MI/Documents/IoTLink/HWCup/Hardware/conveyor\conveyor.c ****     htim2.Init.ClockDivision = TIM_CLOCKDIVISION_DIV1;
  89              		.loc 1 15 30
  90 004e 304B     		ldr	r3, .L7
  91 0050 0022     		movs	r2, #0
  92 0052 1A61     		str	r2, [r3, #16]
  16:c:/Users/MI/Documents/IoTLink/HWCup/Hardware/conveyor\conveyor.c ****     htim2.Init.AutoReloadPreload = TIM_AUTORELOAD_PRELOAD_DISABLE;
ARM GAS  C:\Users\MI\AppData\Local\Temp\ccvTaGH2.s 			page 3


  93              		.loc 1 16 34
  94 0054 2E4B     		ldr	r3, .L7
  95 0056 0022     		movs	r2, #0
  96 0058 9A61     		str	r2, [r3, #24]
  17:c:/Users/MI/Documents/IoTLink/HWCup/Hardware/conveyor\conveyor.c ****     if (HAL_TIM_Base_Init(&htim2) != HAL_OK)
  97              		.loc 1 17 9
  98 005a 2D48     		ldr	r0, .L7
  99 005c FFF7FEFF 		bl	HAL_TIM_Base_Init
 100 0060 0346     		mov	r3, r0
 101              		.loc 1 17 8
 102 0062 002B     		cmp	r3, #0
 103 0064 03D0     		beq	.L2
  18:c:/Users/MI/Documents/IoTLink/HWCup/Hardware/conveyor\conveyor.c ****     {
  19:c:/Users/MI/Documents/IoTLink/HWCup/Hardware/conveyor\conveyor.c ****         Error_Handler();
 104              		.loc 1 19 9
 105 0066 1321     		movs	r1, #19
 106 0068 2A48     		ldr	r0, .L7+4
 107 006a FFF7FEFF 		bl	_Error_Handler
 108              	.L2:
  20:c:/Users/MI/Documents/IoTLink/HWCup/Hardware/conveyor\conveyor.c ****     }
  21:c:/Users/MI/Documents/IoTLink/HWCup/Hardware/conveyor\conveyor.c ****     sClockSourceConfig.ClockSource = TIM_CLOCKSOURCE_INTERNAL;
 109              		.loc 1 21 36
 110 006e 4FF48053 		mov	r3, #4096
 111 0072 BB62     		str	r3, [r7, #40]
  22:c:/Users/MI/Documents/IoTLink/HWCup/Hardware/conveyor\conveyor.c ****     if (HAL_TIM_ConfigClockSource(&htim2, &sClockSourceConfig) != HAL_OK)
 112              		.loc 1 22 9
 113 0074 07F12803 		add	r3, r7, #40
 114 0078 1946     		mov	r1, r3
 115 007a 2548     		ldr	r0, .L7
 116 007c FFF7FEFF 		bl	HAL_TIM_ConfigClockSource
 117 0080 0346     		mov	r3, r0
 118              		.loc 1 22 8
 119 0082 002B     		cmp	r3, #0
 120 0084 03D0     		beq	.L3
  23:c:/Users/MI/Documents/IoTLink/HWCup/Hardware/conveyor\conveyor.c ****     {
  24:c:/Users/MI/Documents/IoTLink/HWCup/Hardware/conveyor\conveyor.c ****         Error_Handler();
 121              		.loc 1 24 9
 122 0086 1821     		movs	r1, #24
 123 0088 2248     		ldr	r0, .L7+4
 124 008a FFF7FEFF 		bl	_Error_Handler
 125              	.L3:
  25:c:/Users/MI/Documents/IoTLink/HWCup/Hardware/conveyor\conveyor.c ****     }
  26:c:/Users/MI/Documents/IoTLink/HWCup/Hardware/conveyor\conveyor.c ****     if (HAL_TIM_PWM_Init(&htim2) != HAL_OK)
 126              		.loc 1 26 9
 127 008e 2048     		ldr	r0, .L7
 128 0090 FFF7FEFF 		bl	HAL_TIM_PWM_Init
 129 0094 0346     		mov	r3, r0
 130              		.loc 1 26 8
 131 0096 002B     		cmp	r3, #0
 132 0098 03D0     		beq	.L4
  27:c:/Users/MI/Documents/IoTLink/HWCup/Hardware/conveyor\conveyor.c ****     {
  28:c:/Users/MI/Documents/IoTLink/HWCup/Hardware/conveyor\conveyor.c ****         Error_Handler();
 133              		.loc 1 28 9
 134 009a 1C21     		movs	r1, #28
 135 009c 1D48     		ldr	r0, .L7+4
 136 009e FFF7FEFF 		bl	_Error_Handler
 137              	.L4:
ARM GAS  C:\Users\MI\AppData\Local\Temp\ccvTaGH2.s 			page 4


  29:c:/Users/MI/Documents/IoTLink/HWCup/Hardware/conveyor\conveyor.c ****     }
  30:c:/Users/MI/Documents/IoTLink/HWCup/Hardware/conveyor\conveyor.c ****     sMasterConfig.MasterOutputTrigger = TIM_TRGO_RESET;
 138              		.loc 1 30 39
 139 00a2 0023     		movs	r3, #0
 140 00a4 FB61     		str	r3, [r7, #28]
  31:c:/Users/MI/Documents/IoTLink/HWCup/Hardware/conveyor\conveyor.c ****     sMasterConfig.MasterSlaveMode = TIM_MASTERSLAVEMODE_DISABLE;
 141              		.loc 1 31 35
 142 00a6 0023     		movs	r3, #0
 143 00a8 7B62     		str	r3, [r7, #36]
  32:c:/Users/MI/Documents/IoTLink/HWCup/Hardware/conveyor\conveyor.c ****     if (HAL_TIMEx_MasterConfigSynchronization(&htim2, &sMasterConfig) != HAL_OK)
 144              		.loc 1 32 9
 145 00aa 07F11C03 		add	r3, r7, #28
 146 00ae 1946     		mov	r1, r3
 147 00b0 1748     		ldr	r0, .L7
 148 00b2 FFF7FEFF 		bl	HAL_TIMEx_MasterConfigSynchronization
 149 00b6 0346     		mov	r3, r0
 150              		.loc 1 32 8
 151 00b8 002B     		cmp	r3, #0
 152 00ba 03D0     		beq	.L5
  33:c:/Users/MI/Documents/IoTLink/HWCup/Hardware/conveyor\conveyor.c ****     {
  34:c:/Users/MI/Documents/IoTLink/HWCup/Hardware/conveyor\conveyor.c ****         Error_Handler();
 153              		.loc 1 34 9
 154 00bc 2221     		movs	r1, #34
 155 00be 1548     		ldr	r0, .L7+4
 156 00c0 FFF7FEFF 		bl	_Error_Handler
 157              	.L5:
  35:c:/Users/MI/Documents/IoTLink/HWCup/Hardware/conveyor\conveyor.c ****     }
  36:c:/Users/MI/Documents/IoTLink/HWCup/Hardware/conveyor\conveyor.c ****     sConfigOC.OCMode = TIM_OCMODE_PWM1;
 158              		.loc 1 36 22
 159 00c4 6023     		movs	r3, #96
 160 00c6 3B60     		str	r3, [r7]
  37:c:/Users/MI/Documents/IoTLink/HWCup/Hardware/conveyor\conveyor.c ****     sConfigOC.Pulse = 20;
 161              		.loc 1 37 21
 162 00c8 1423     		movs	r3, #20
 163 00ca 7B60     		str	r3, [r7, #4]
  38:c:/Users/MI/Documents/IoTLink/HWCup/Hardware/conveyor\conveyor.c ****     sConfigOC.OCPolarity = TIM_OCPOLARITY_HIGH;
 164              		.loc 1 38 26
 165 00cc 0023     		movs	r3, #0
 166 00ce BB60     		str	r3, [r7, #8]
  39:c:/Users/MI/Documents/IoTLink/HWCup/Hardware/conveyor\conveyor.c ****     sConfigOC.OCFastMode = TIM_OCFAST_DISABLE;
 167              		.loc 1 39 26
 168 00d0 0023     		movs	r3, #0
 169 00d2 3B61     		str	r3, [r7, #16]
  40:c:/Users/MI/Documents/IoTLink/HWCup/Hardware/conveyor\conveyor.c ****     if (HAL_TIM_PWM_ConfigChannel(&htim2, &sConfigOC, TIM_CHANNEL_1) != HAL_OK)
 170              		.loc 1 40 9
 171 00d4 3B46     		mov	r3, r7
 172 00d6 0022     		movs	r2, #0
 173 00d8 1946     		mov	r1, r3
 174 00da 0D48     		ldr	r0, .L7
 175 00dc FFF7FEFF 		bl	HAL_TIM_PWM_ConfigChannel
 176 00e0 0346     		mov	r3, r0
 177              		.loc 1 40 8
 178 00e2 002B     		cmp	r3, #0
 179 00e4 03D0     		beq	.L6
  41:c:/Users/MI/Documents/IoTLink/HWCup/Hardware/conveyor\conveyor.c ****     {
  42:c:/Users/MI/Documents/IoTLink/HWCup/Hardware/conveyor\conveyor.c ****         Error_Handler();
 180              		.loc 1 42 9
ARM GAS  C:\Users\MI\AppData\Local\Temp\ccvTaGH2.s 			page 5


 181 00e6 2A21     		movs	r1, #42
 182 00e8 0A48     		ldr	r0, .L7+4
 183 00ea FFF7FEFF 		bl	_Error_Handler
 184              	.L6:
  43:c:/Users/MI/Documents/IoTLink/HWCup/Hardware/conveyor\conveyor.c ****     }
  44:c:/Users/MI/Documents/IoTLink/HWCup/Hardware/conveyor\conveyor.c ****     __HAL_TIM_DISABLE_OCxPRELOAD(&htim2, TIM_CHANNEL_1);
 185              		.loc 1 44 5
 186 00ee 084B     		ldr	r3, .L7
 187 00f0 1B68     		ldr	r3, [r3]
 188 00f2 9969     		ldr	r1, [r3, #24]
 189 00f4 064B     		ldr	r3, .L7
 190 00f6 1A68     		ldr	r2, [r3]
 191 00f8 4FF6F773 		movw	r3, #65527
 192 00fc 0B40     		ands	r3, r3, r1
 193 00fe 9361     		str	r3, [r2, #24]
  45:c:/Users/MI/Documents/IoTLink/HWCup/Hardware/conveyor\conveyor.c ****     HAL_TIM_MspPostInit(&htim2);
 194              		.loc 1 45 5
 195 0100 0348     		ldr	r0, .L7
 196 0102 FFF7FEFF 		bl	HAL_TIM_MspPostInit
  46:c:/Users/MI/Documents/IoTLink/HWCup/Hardware/conveyor\conveyor.c **** }
 197              		.loc 1 46 1
 198 0106 00BF     		nop
 199 0108 3837     		adds	r7, r7, #56
 200              	.LCFI3:
 201              		.cfi_def_cfa_offset 8
 202 010a BD46     		mov	sp, r7
 203              	.LCFI4:
 204              		.cfi_def_cfa_register 13
 205              		@ sp needed
 206 010c 80BD     		pop	{r7, pc}
 207              	.L8:
 208 010e 00BF     		.align	2
 209              	.L7:
 210 0110 00000000 		.word	htim2
 211 0114 00000000 		.word	.LC0
 212              		.cfi_endproc
 213              	.LFE287:
 215              		.section	.text.HAL_TIM_Base_MspInit,"ax",%progbits
 216              		.align	1
 217              		.global	HAL_TIM_Base_MspInit
 218              		.syntax unified
 219              		.thumb
 220              		.thumb_func
 221              		.fpu fpv4-sp-d16
 223              	HAL_TIM_Base_MspInit:
 224              	.LFB288:
  47:c:/Users/MI/Documents/IoTLink/HWCup/Hardware/conveyor\conveyor.c **** 
  48:c:/Users/MI/Documents/IoTLink/HWCup/Hardware/conveyor\conveyor.c **** void HAL_TIM_Base_MspInit(TIM_HandleTypeDef *tim_baseHandle)
  49:c:/Users/MI/Documents/IoTLink/HWCup/Hardware/conveyor\conveyor.c **** {
 225              		.loc 1 49 1
 226              		.cfi_startproc
 227              		@ args = 0, pretend = 0, frame = 16
 228              		@ frame_needed = 1, uses_anonymous_args = 0
 229              		@ link register save eliminated.
 230 0000 80B4     		push	{r7}
 231              	.LCFI5:
 232              		.cfi_def_cfa_offset 4
ARM GAS  C:\Users\MI\AppData\Local\Temp\ccvTaGH2.s 			page 6


 233              		.cfi_offset 7, -4
 234 0002 85B0     		sub	sp, sp, #20
 235              	.LCFI6:
 236              		.cfi_def_cfa_offset 24
 237 0004 00AF     		add	r7, sp, #0
 238              	.LCFI7:
 239              		.cfi_def_cfa_register 7
 240 0006 7860     		str	r0, [r7, #4]
  50:c:/Users/MI/Documents/IoTLink/HWCup/Hardware/conveyor\conveyor.c **** 
  51:c:/Users/MI/Documents/IoTLink/HWCup/Hardware/conveyor\conveyor.c ****     if (tim_baseHandle->Instance == TIM2)
 241              		.loc 1 51 23
 242 0008 7B68     		ldr	r3, [r7, #4]
 243 000a 1B68     		ldr	r3, [r3]
 244              		.loc 1 51 8
 245 000c B3F1804F 		cmp	r3, #1073741824
 246 0010 0BD1     		bne	.L11
 247              	.LBB2:
  52:c:/Users/MI/Documents/IoTLink/HWCup/Hardware/conveyor\conveyor.c ****     {
  53:c:/Users/MI/Documents/IoTLink/HWCup/Hardware/conveyor\conveyor.c ****         __HAL_RCC_TIM2_CLK_ENABLE();
 248              		.loc 1 53 9
 249 0012 094B     		ldr	r3, .L12
 250 0014 9B6D     		ldr	r3, [r3, #88]
 251 0016 084A     		ldr	r2, .L12
 252 0018 43F00103 		orr	r3, r3, #1
 253 001c 9365     		str	r3, [r2, #88]
 254 001e 064B     		ldr	r3, .L12
 255 0020 9B6D     		ldr	r3, [r3, #88]
 256 0022 03F00103 		and	r3, r3, #1
 257 0026 FB60     		str	r3, [r7, #12]
 258 0028 FB68     		ldr	r3, [r7, #12]
 259              	.L11:
 260              	.LBE2:
  54:c:/Users/MI/Documents/IoTLink/HWCup/Hardware/conveyor\conveyor.c ****     }
  55:c:/Users/MI/Documents/IoTLink/HWCup/Hardware/conveyor\conveyor.c **** }
 261              		.loc 1 55 1
 262 002a 00BF     		nop
 263 002c 1437     		adds	r7, r7, #20
 264              	.LCFI8:
 265              		.cfi_def_cfa_offset 4
 266 002e BD46     		mov	sp, r7
 267              	.LCFI9:
 268              		.cfi_def_cfa_register 13
 269              		@ sp needed
 270 0030 5DF8047B 		ldr	r7, [sp], #4
 271              	.LCFI10:
 272              		.cfi_restore 7
 273              		.cfi_def_cfa_offset 0
 274 0034 7047     		bx	lr
 275              	.L13:
 276 0036 00BF     		.align	2
 277              	.L12:
 278 0038 00100240 		.word	1073876992
 279              		.cfi_endproc
 280              	.LFE288:
 282              		.section	.text.HAL_TIM_MspPostInit,"ax",%progbits
 283              		.align	1
 284              		.global	HAL_TIM_MspPostInit
ARM GAS  C:\Users\MI\AppData\Local\Temp\ccvTaGH2.s 			page 7


 285              		.syntax unified
 286              		.thumb
 287              		.thumb_func
 288              		.fpu fpv4-sp-d16
 290              	HAL_TIM_MspPostInit:
 291              	.LFB289:
  56:c:/Users/MI/Documents/IoTLink/HWCup/Hardware/conveyor\conveyor.c **** 
  57:c:/Users/MI/Documents/IoTLink/HWCup/Hardware/conveyor\conveyor.c **** void HAL_TIM_MspPostInit(TIM_HandleTypeDef *timHandle)
  58:c:/Users/MI/Documents/IoTLink/HWCup/Hardware/conveyor\conveyor.c **** {
 292              		.loc 1 58 1
 293              		.cfi_startproc
 294              		@ args = 0, pretend = 0, frame = 32
 295              		@ frame_needed = 1, uses_anonymous_args = 0
 296 0000 80B5     		push	{r7, lr}
 297              	.LCFI11:
 298              		.cfi_def_cfa_offset 8
 299              		.cfi_offset 7, -8
 300              		.cfi_offset 14, -4
 301 0002 88B0     		sub	sp, sp, #32
 302              	.LCFI12:
 303              		.cfi_def_cfa_offset 40
 304 0004 00AF     		add	r7, sp, #0
 305              	.LCFI13:
 306              		.cfi_def_cfa_register 7
 307 0006 7860     		str	r0, [r7, #4]
  59:c:/Users/MI/Documents/IoTLink/HWCup/Hardware/conveyor\conveyor.c **** 
  60:c:/Users/MI/Documents/IoTLink/HWCup/Hardware/conveyor\conveyor.c ****     GPIO_InitTypeDef GPIO_InitStruct = {0};
 308              		.loc 1 60 22
 309 0008 07F10C03 		add	r3, r7, #12
 310 000c 0022     		movs	r2, #0
 311 000e 1A60     		str	r2, [r3]
 312 0010 5A60     		str	r2, [r3, #4]
 313 0012 9A60     		str	r2, [r3, #8]
 314 0014 DA60     		str	r2, [r3, #12]
 315 0016 1A61     		str	r2, [r3, #16]
  61:c:/Users/MI/Documents/IoTLink/HWCup/Hardware/conveyor\conveyor.c ****     if (timHandle->Instance == TIM2)
 316              		.loc 1 61 18
 317 0018 7B68     		ldr	r3, [r7, #4]
 318 001a 1B68     		ldr	r3, [r3]
 319              		.loc 1 61 8
 320 001c B3F1804F 		cmp	r3, #1073741824
 321 0020 1CD1     		bne	.L16
 322              	.LBB3:
  62:c:/Users/MI/Documents/IoTLink/HWCup/Hardware/conveyor\conveyor.c ****     {
  63:c:/Users/MI/Documents/IoTLink/HWCup/Hardware/conveyor\conveyor.c ****         __HAL_RCC_GPIOA_CLK_ENABLE();
 323              		.loc 1 63 9
 324 0022 104B     		ldr	r3, .L17
 325 0024 DB6C     		ldr	r3, [r3, #76]
 326 0026 0F4A     		ldr	r2, .L17
 327 0028 43F00103 		orr	r3, r3, #1
 328 002c D364     		str	r3, [r2, #76]
 329 002e 0D4B     		ldr	r3, .L17
 330 0030 DB6C     		ldr	r3, [r3, #76]
 331 0032 03F00103 		and	r3, r3, #1
 332 0036 BB60     		str	r3, [r7, #8]
 333 0038 BB68     		ldr	r3, [r7, #8]
 334              	.LBE3:
ARM GAS  C:\Users\MI\AppData\Local\Temp\ccvTaGH2.s 			page 8


  64:c:/Users/MI/Documents/IoTLink/HWCup/Hardware/conveyor\conveyor.c ****         /**TIM2 GPIO Configuration    
  65:c:/Users/MI/Documents/IoTLink/HWCup/Hardware/conveyor\conveyor.c ****     PA0     ------> TIM2_CH1 
  66:c:/Users/MI/Documents/IoTLink/HWCup/Hardware/conveyor\conveyor.c ****     */
  67:c:/Users/MI/Documents/IoTLink/HWCup/Hardware/conveyor\conveyor.c ****         GPIO_InitStruct.Pin = GPIO_PIN_0;
 335              		.loc 1 67 29
 336 003a 0123     		movs	r3, #1
 337 003c FB60     		str	r3, [r7, #12]
  68:c:/Users/MI/Documents/IoTLink/HWCup/Hardware/conveyor\conveyor.c ****         GPIO_InitStruct.Mode = GPIO_MODE_AF_PP;
 338              		.loc 1 68 30
 339 003e 0223     		movs	r3, #2
 340 0040 3B61     		str	r3, [r7, #16]
  69:c:/Users/MI/Documents/IoTLink/HWCup/Hardware/conveyor\conveyor.c ****         GPIO_InitStruct.Pull = GPIO_NOPULL;
 341              		.loc 1 69 30
 342 0042 0023     		movs	r3, #0
 343 0044 7B61     		str	r3, [r7, #20]
  70:c:/Users/MI/Documents/IoTLink/HWCup/Hardware/conveyor\conveyor.c ****         GPIO_InitStruct.Speed = GPIO_SPEED_FREQ_LOW;
 344              		.loc 1 70 31
 345 0046 0023     		movs	r3, #0
 346 0048 BB61     		str	r3, [r7, #24]
  71:c:/Users/MI/Documents/IoTLink/HWCup/Hardware/conveyor\conveyor.c ****         GPIO_InitStruct.Alternate = GPIO_AF1_TIM2;
 347              		.loc 1 71 35
 348 004a 0123     		movs	r3, #1
 349 004c FB61     		str	r3, [r7, #28]
  72:c:/Users/MI/Documents/IoTLink/HWCup/Hardware/conveyor\conveyor.c ****         HAL_GPIO_Init(GPIOA, &GPIO_InitStruct);
 350              		.loc 1 72 9
 351 004e 07F10C03 		add	r3, r7, #12
 352 0052 1946     		mov	r1, r3
 353 0054 4FF09040 		mov	r0, #1207959552
 354 0058 FFF7FEFF 		bl	HAL_GPIO_Init
 355              	.L16:
  73:c:/Users/MI/Documents/IoTLink/HWCup/Hardware/conveyor\conveyor.c ****     }
  74:c:/Users/MI/Documents/IoTLink/HWCup/Hardware/conveyor\conveyor.c **** }
 356              		.loc 1 74 1
 357 005c 00BF     		nop
 358 005e 2037     		adds	r7, r7, #32
 359              	.LCFI14:
 360              		.cfi_def_cfa_offset 8
 361 0060 BD46     		mov	sp, r7
 362              	.LCFI15:
 363              		.cfi_def_cfa_register 13
 364              		@ sp needed
 365 0062 80BD     		pop	{r7, pc}
 366              	.L18:
 367              		.align	2
 368              	.L17:
 369 0064 00100240 		.word	1073876992
 370              		.cfi_endproc
 371              	.LFE289:
 373              		.section	.text.HAL_TIM_Base_MspDeInit,"ax",%progbits
 374              		.align	1
 375              		.global	HAL_TIM_Base_MspDeInit
 376              		.syntax unified
 377              		.thumb
 378              		.thumb_func
 379              		.fpu fpv4-sp-d16
 381              	HAL_TIM_Base_MspDeInit:
 382              	.LFB290:
ARM GAS  C:\Users\MI\AppData\Local\Temp\ccvTaGH2.s 			page 9


  75:c:/Users/MI/Documents/IoTLink/HWCup/Hardware/conveyor\conveyor.c **** 
  76:c:/Users/MI/Documents/IoTLink/HWCup/Hardware/conveyor\conveyor.c **** void HAL_TIM_Base_MspDeInit(TIM_HandleTypeDef *tim_baseHandle)
  77:c:/Users/MI/Documents/IoTLink/HWCup/Hardware/conveyor\conveyor.c **** {
 383              		.loc 1 77 1
 384              		.cfi_startproc
 385              		@ args = 0, pretend = 0, frame = 8
 386              		@ frame_needed = 1, uses_anonymous_args = 0
 387              		@ link register save eliminated.
 388 0000 80B4     		push	{r7}
 389              	.LCFI16:
 390              		.cfi_def_cfa_offset 4
 391              		.cfi_offset 7, -4
 392 0002 83B0     		sub	sp, sp, #12
 393              	.LCFI17:
 394              		.cfi_def_cfa_offset 16
 395 0004 00AF     		add	r7, sp, #0
 396              	.LCFI18:
 397              		.cfi_def_cfa_register 7
 398 0006 7860     		str	r0, [r7, #4]
  78:c:/Users/MI/Documents/IoTLink/HWCup/Hardware/conveyor\conveyor.c ****     if (tim_baseHandle->Instance == TIM2)
 399              		.loc 1 78 23
 400 0008 7B68     		ldr	r3, [r7, #4]
 401 000a 1B68     		ldr	r3, [r3]
 402              		.loc 1 78 8
 403 000c B3F1804F 		cmp	r3, #1073741824
 404 0010 05D1     		bne	.L21
  79:c:/Users/MI/Documents/IoTLink/HWCup/Hardware/conveyor\conveyor.c ****     {
  80:c:/Users/MI/Documents/IoTLink/HWCup/Hardware/conveyor\conveyor.c ****         __HAL_RCC_TIM2_CLK_DISABLE();
 405              		.loc 1 80 9
 406 0012 064B     		ldr	r3, .L22
 407 0014 9B6D     		ldr	r3, [r3, #88]
 408 0016 054A     		ldr	r2, .L22
 409 0018 23F00103 		bic	r3, r3, #1
 410 001c 9365     		str	r3, [r2, #88]
 411              	.L21:
  81:c:/Users/MI/Documents/IoTLink/HWCup/Hardware/conveyor\conveyor.c ****     }
  82:c:/Users/MI/Documents/IoTLink/HWCup/Hardware/conveyor\conveyor.c **** }
 412              		.loc 1 82 1
 413 001e 00BF     		nop
 414 0020 0C37     		adds	r7, r7, #12
 415              	.LCFI19:
 416              		.cfi_def_cfa_offset 4
 417 0022 BD46     		mov	sp, r7
 418              	.LCFI20:
 419              		.cfi_def_cfa_register 13
 420              		@ sp needed
 421 0024 5DF8047B 		ldr	r7, [sp], #4
 422              	.LCFI21:
 423              		.cfi_restore 7
 424              		.cfi_def_cfa_offset 0
 425 0028 7047     		bx	lr
 426              	.L23:
 427 002a 00BF     		.align	2
 428              	.L22:
 429 002c 00100240 		.word	1073876992
 430              		.cfi_endproc
 431              	.LFE290:
ARM GAS  C:\Users\MI\AppData\Local\Temp\ccvTaGH2.s 			page 10


 433              		.section	.text.conveyor_init,"ax",%progbits
 434              		.align	1
 435              		.global	conveyor_init
 436              		.syntax unified
 437              		.thumb
 438              		.thumb_func
 439              		.fpu fpv4-sp-d16
 441              	conveyor_init:
 442              	.LFB291:
  83:c:/Users/MI/Documents/IoTLink/HWCup/Hardware/conveyor\conveyor.c **** 
  84:c:/Users/MI/Documents/IoTLink/HWCup/Hardware/conveyor\conveyor.c **** void conveyor_init(void)
  85:c:/Users/MI/Documents/IoTLink/HWCup/Hardware/conveyor\conveyor.c **** {
 443              		.loc 1 85 1
 444              		.cfi_startproc
 445              		@ args = 0, pretend = 0, frame = 40
 446              		@ frame_needed = 1, uses_anonymous_args = 0
 447 0000 80B5     		push	{r7, lr}
 448              	.LCFI22:
 449              		.cfi_def_cfa_offset 8
 450              		.cfi_offset 7, -8
 451              		.cfi_offset 14, -4
 452 0002 8AB0     		sub	sp, sp, #40
 453              	.LCFI23:
 454              		.cfi_def_cfa_offset 48
 455 0004 00AF     		add	r7, sp, #0
 456              	.LCFI24:
 457              		.cfi_def_cfa_register 7
  86:c:/Users/MI/Documents/IoTLink/HWCup/Hardware/conveyor\conveyor.c ****     GPIO_InitTypeDef GPIO_InitStruct = {0};
 458              		.loc 1 86 22
 459 0006 07F11403 		add	r3, r7, #20
 460 000a 0022     		movs	r2, #0
 461 000c 1A60     		str	r2, [r3]
 462 000e 5A60     		str	r2, [r3, #4]
 463 0010 9A60     		str	r2, [r3, #8]
 464 0012 DA60     		str	r2, [r3, #12]
 465 0014 1A61     		str	r2, [r3, #16]
 466              	.LBB4:
  87:c:/Users/MI/Documents/IoTLink/HWCup/Hardware/conveyor\conveyor.c **** 
  88:c:/Users/MI/Documents/IoTLink/HWCup/Hardware/conveyor\conveyor.c ****     /* GPIO Ports Clock Enable */
  89:c:/Users/MI/Documents/IoTLink/HWCup/Hardware/conveyor\conveyor.c ****     __HAL_RCC_GPIOC_CLK_ENABLE();
 467              		.loc 1 89 5
 468 0016 384B     		ldr	r3, .L25
 469 0018 DB6C     		ldr	r3, [r3, #76]
 470 001a 374A     		ldr	r2, .L25
 471 001c 43F00403 		orr	r3, r3, #4
 472 0020 D364     		str	r3, [r2, #76]
 473 0022 354B     		ldr	r3, .L25
 474 0024 DB6C     		ldr	r3, [r3, #76]
 475 0026 03F00403 		and	r3, r3, #4
 476 002a 3B61     		str	r3, [r7, #16]
 477 002c 3B69     		ldr	r3, [r7, #16]
 478              	.LBE4:
 479              	.LBB5:
  90:c:/Users/MI/Documents/IoTLink/HWCup/Hardware/conveyor\conveyor.c ****     __HAL_RCC_GPIOH_CLK_ENABLE();
 480              		.loc 1 90 5
 481 002e 324B     		ldr	r3, .L25
 482 0030 DB6C     		ldr	r3, [r3, #76]
ARM GAS  C:\Users\MI\AppData\Local\Temp\ccvTaGH2.s 			page 11


 483 0032 314A     		ldr	r2, .L25
 484 0034 43F08003 		orr	r3, r3, #128
 485 0038 D364     		str	r3, [r2, #76]
 486 003a 2F4B     		ldr	r3, .L25
 487 003c DB6C     		ldr	r3, [r3, #76]
 488 003e 03F08003 		and	r3, r3, #128
 489 0042 FB60     		str	r3, [r7, #12]
 490 0044 FB68     		ldr	r3, [r7, #12]
 491              	.LBE5:
 492              	.LBB6:
  91:c:/Users/MI/Documents/IoTLink/HWCup/Hardware/conveyor\conveyor.c ****     __HAL_RCC_GPIOA_CLK_ENABLE();
 493              		.loc 1 91 5
 494 0046 2C4B     		ldr	r3, .L25
 495 0048 DB6C     		ldr	r3, [r3, #76]
 496 004a 2B4A     		ldr	r2, .L25
 497 004c 43F00103 		orr	r3, r3, #1
 498 0050 D364     		str	r3, [r2, #76]
 499 0052 294B     		ldr	r3, .L25
 500 0054 DB6C     		ldr	r3, [r3, #76]
 501 0056 03F00103 		and	r3, r3, #1
 502 005a BB60     		str	r3, [r7, #8]
 503 005c BB68     		ldr	r3, [r7, #8]
 504              	.LBE6:
 505              	.LBB7:
  92:c:/Users/MI/Documents/IoTLink/HWCup/Hardware/conveyor\conveyor.c ****     __HAL_RCC_GPIOB_CLK_ENABLE();
 506              		.loc 1 92 5
 507 005e 264B     		ldr	r3, .L25
 508 0060 DB6C     		ldr	r3, [r3, #76]
 509 0062 254A     		ldr	r2, .L25
 510 0064 43F00203 		orr	r3, r3, #2
 511 0068 D364     		str	r3, [r2, #76]
 512 006a 234B     		ldr	r3, .L25
 513 006c DB6C     		ldr	r3, [r3, #76]
 514 006e 03F00203 		and	r3, r3, #2
 515 0072 7B60     		str	r3, [r7, #4]
 516 0074 7B68     		ldr	r3, [r7, #4]
 517              	.LBE7:
  93:c:/Users/MI/Documents/IoTLink/HWCup/Hardware/conveyor\conveyor.c **** 
  94:c:/Users/MI/Documents/IoTLink/HWCup/Hardware/conveyor\conveyor.c ****     /*Configure GPIO pin Output Level */
  95:c:/Users/MI/Documents/IoTLink/HWCup/Hardware/conveyor\conveyor.c ****     HAL_GPIO_WritePin(DIR_GPIO_Port, DIR_Pin, GPIO_PIN_RESET);
 518              		.loc 1 95 5
 519 0076 0022     		movs	r2, #0
 520 0078 4021     		movs	r1, #64
 521 007a 2048     		ldr	r0, .L25+4
 522 007c FFF7FEFF 		bl	HAL_GPIO_WritePin
  96:c:/Users/MI/Documents/IoTLink/HWCup/Hardware/conveyor\conveyor.c **** 
  97:c:/Users/MI/Documents/IoTLink/HWCup/Hardware/conveyor\conveyor.c ****     /*Configure GPIO pin Output Level */
  98:c:/Users/MI/Documents/IoTLink/HWCup/Hardware/conveyor\conveyor.c ****     HAL_GPIO_WritePin(EN_GPIO_Port, EN_Pin, GPIO_PIN_RESET);
 523              		.loc 1 98 5
 524 0080 0022     		movs	r2, #0
 525 0082 4FF48071 		mov	r1, #256
 526 0086 1D48     		ldr	r0, .L25+4
 527 0088 FFF7FEFF 		bl	HAL_GPIO_WritePin
  99:c:/Users/MI/Documents/IoTLink/HWCup/Hardware/conveyor\conveyor.c **** 
 100:c:/Users/MI/Documents/IoTLink/HWCup/Hardware/conveyor\conveyor.c ****     /*Configure GPIO pin : PtPin */
 101:c:/Users/MI/Documents/IoTLink/HWCup/Hardware/conveyor\conveyor.c ****     GPIO_InitStruct.Pin = IR_INT_Pin;
 528              		.loc 1 101 25
ARM GAS  C:\Users\MI\AppData\Local\Temp\ccvTaGH2.s 			page 12


 529 008c 4FF40063 		mov	r3, #2048
 530 0090 7B61     		str	r3, [r7, #20]
 102:c:/Users/MI/Documents/IoTLink/HWCup/Hardware/conveyor\conveyor.c ****     GPIO_InitStruct.Mode = GPIO_MODE_IT_RISING_FALLING;
 531              		.loc 1 102 26
 532 0092 1B4B     		ldr	r3, .L25+8
 533 0094 BB61     		str	r3, [r7, #24]
 103:c:/Users/MI/Documents/IoTLink/HWCup/Hardware/conveyor\conveyor.c ****     GPIO_InitStruct.Pull = GPIO_NOPULL;
 534              		.loc 1 103 26
 535 0096 0023     		movs	r3, #0
 536 0098 FB61     		str	r3, [r7, #28]
 104:c:/Users/MI/Documents/IoTLink/HWCup/Hardware/conveyor\conveyor.c ****     HAL_GPIO_Init(IR_INT_GPIO_Port, &GPIO_InitStruct);
 537              		.loc 1 104 5
 538 009a 07F11403 		add	r3, r7, #20
 539 009e 1946     		mov	r1, r3
 540 00a0 4FF09040 		mov	r0, #1207959552
 541 00a4 FFF7FEFF 		bl	HAL_GPIO_Init
 105:c:/Users/MI/Documents/IoTLink/HWCup/Hardware/conveyor\conveyor.c **** 
 106:c:/Users/MI/Documents/IoTLink/HWCup/Hardware/conveyor\conveyor.c ****     /*Configure GPIO pin : PtPin */
 107:c:/Users/MI/Documents/IoTLink/HWCup/Hardware/conveyor\conveyor.c ****     GPIO_InitStruct.Pin = DIR_Pin;
 542              		.loc 1 107 25
 543 00a8 4023     		movs	r3, #64
 544 00aa 7B61     		str	r3, [r7, #20]
 108:c:/Users/MI/Documents/IoTLink/HWCup/Hardware/conveyor\conveyor.c ****     GPIO_InitStruct.Mode = GPIO_MODE_OUTPUT_PP;
 545              		.loc 1 108 26
 546 00ac 0123     		movs	r3, #1
 547 00ae BB61     		str	r3, [r7, #24]
 109:c:/Users/MI/Documents/IoTLink/HWCup/Hardware/conveyor\conveyor.c ****     GPIO_InitStruct.Pull = GPIO_NOPULL;
 548              		.loc 1 109 26
 549 00b0 0023     		movs	r3, #0
 550 00b2 FB61     		str	r3, [r7, #28]
 110:c:/Users/MI/Documents/IoTLink/HWCup/Hardware/conveyor\conveyor.c ****     GPIO_InitStruct.Speed = GPIO_SPEED_FREQ_LOW;
 551              		.loc 1 110 27
 552 00b4 0023     		movs	r3, #0
 553 00b6 3B62     		str	r3, [r7, #32]
 111:c:/Users/MI/Documents/IoTLink/HWCup/Hardware/conveyor\conveyor.c ****     HAL_GPIO_Init(DIR_GPIO_Port, &GPIO_InitStruct);
 554              		.loc 1 111 5
 555 00b8 07F11403 		add	r3, r7, #20
 556 00bc 1946     		mov	r1, r3
 557 00be 0F48     		ldr	r0, .L25+4
 558 00c0 FFF7FEFF 		bl	HAL_GPIO_Init
 112:c:/Users/MI/Documents/IoTLink/HWCup/Hardware/conveyor\conveyor.c **** 
 113:c:/Users/MI/Documents/IoTLink/HWCup/Hardware/conveyor\conveyor.c ****     /*Configure GPIO pin : PtPin */
 114:c:/Users/MI/Documents/IoTLink/HWCup/Hardware/conveyor\conveyor.c ****     GPIO_InitStruct.Pin = EN_Pin;
 559              		.loc 1 114 25
 560 00c4 4FF48073 		mov	r3, #256
 561 00c8 7B61     		str	r3, [r7, #20]
 115:c:/Users/MI/Documents/IoTLink/HWCup/Hardware/conveyor\conveyor.c ****     GPIO_InitStruct.Mode = GPIO_MODE_OUTPUT_PP;
 562              		.loc 1 115 26
 563 00ca 0123     		movs	r3, #1
 564 00cc BB61     		str	r3, [r7, #24]
 116:c:/Users/MI/Documents/IoTLink/HWCup/Hardware/conveyor\conveyor.c ****     GPIO_InitStruct.Pull = GPIO_PULLUP;
 565              		.loc 1 116 26
 566 00ce 0123     		movs	r3, #1
 567 00d0 FB61     		str	r3, [r7, #28]
 117:c:/Users/MI/Documents/IoTLink/HWCup/Hardware/conveyor\conveyor.c ****     GPIO_InitStruct.Speed = GPIO_SPEED_FREQ_LOW;
 568              		.loc 1 117 27
 569 00d2 0023     		movs	r3, #0
ARM GAS  C:\Users\MI\AppData\Local\Temp\ccvTaGH2.s 			page 13


 570 00d4 3B62     		str	r3, [r7, #32]
 118:c:/Users/MI/Documents/IoTLink/HWCup/Hardware/conveyor\conveyor.c ****     HAL_GPIO_Init(EN_GPIO_Port, &GPIO_InitStruct);
 571              		.loc 1 118 5
 572 00d6 07F11403 		add	r3, r7, #20
 573 00da 1946     		mov	r1, r3
 574 00dc 0748     		ldr	r0, .L25+4
 575 00de FFF7FEFF 		bl	HAL_GPIO_Init
 119:c:/Users/MI/Documents/IoTLink/HWCup/Hardware/conveyor\conveyor.c **** 
 120:c:/Users/MI/Documents/IoTLink/HWCup/Hardware/conveyor\conveyor.c ****     /* EXTI interrupt init*/
 121:c:/Users/MI/Documents/IoTLink/HWCup/Hardware/conveyor\conveyor.c ****     // HAL_NVIC_SetPriority(EXTI15_10_IRQn, 0, 0);
 122:c:/Users/MI/Documents/IoTLink/HWCup/Hardware/conveyor\conveyor.c ****     // HAL_NVIC_EnableIRQ(EXTI15_10_IRQn);
 123:c:/Users/MI/Documents/IoTLink/HWCup/Hardware/conveyor\conveyor.c **** 
 124:c:/Users/MI/Documents/IoTLink/HWCup/Hardware/conveyor\conveyor.c ****     MX_TIM2_Init();
 576              		.loc 1 124 5
 577 00e2 FFF7FEFF 		bl	MX_TIM2_Init
 125:c:/Users/MI/Documents/IoTLink/HWCup/Hardware/conveyor\conveyor.c ****     HAL_TIM_PWM_Start(&htim2, TIM_CHANNEL_1);
 578              		.loc 1 125 5
 579 00e6 0021     		movs	r1, #0
 580 00e8 0648     		ldr	r0, .L25+12
 581 00ea FFF7FEFF 		bl	HAL_TIM_PWM_Start
 126:c:/Users/MI/Documents/IoTLink/HWCup/Hardware/conveyor\conveyor.c **** }
 582              		.loc 1 126 1
 583 00ee 00BF     		nop
 584 00f0 2837     		adds	r7, r7, #40
 585              	.LCFI25:
 586              		.cfi_def_cfa_offset 8
 587 00f2 BD46     		mov	sp, r7
 588              	.LCFI26:
 589              		.cfi_def_cfa_register 13
 590              		@ sp needed
 591 00f4 80BD     		pop	{r7, pc}
 592              	.L26:
 593 00f6 00BF     		.align	2
 594              	.L25:
 595 00f8 00100240 		.word	1073876992
 596 00fc 00040048 		.word	1207960576
 597 0100 00003110 		.word	271646720
 598 0104 00000000 		.word	htim2
 599              		.cfi_endproc
 600              	.LFE291:
 602              		.section	.text.start_conveyor,"ax",%progbits
 603              		.align	1
 604              		.global	start_conveyor
 605              		.syntax unified
 606              		.thumb
 607              		.thumb_func
 608              		.fpu fpv4-sp-d16
 610              	start_conveyor:
 611              	.LFB292:
 127:c:/Users/MI/Documents/IoTLink/HWCup/Hardware/conveyor\conveyor.c **** 
 128:c:/Users/MI/Documents/IoTLink/HWCup/Hardware/conveyor\conveyor.c **** void start_conveyor(void)
 129:c:/Users/MI/Documents/IoTLink/HWCup/Hardware/conveyor\conveyor.c **** {
 612              		.loc 1 129 1
 613              		.cfi_startproc
 614              		@ args = 0, pretend = 0, frame = 0
 615              		@ frame_needed = 1, uses_anonymous_args = 0
 616 0000 80B5     		push	{r7, lr}
ARM GAS  C:\Users\MI\AppData\Local\Temp\ccvTaGH2.s 			page 14


 617              	.LCFI27:
 618              		.cfi_def_cfa_offset 8
 619              		.cfi_offset 7, -8
 620              		.cfi_offset 14, -4
 621 0002 00AF     		add	r7, sp, #0
 622              	.LCFI28:
 623              		.cfi_def_cfa_register 7
 130:c:/Users/MI/Documents/IoTLink/HWCup/Hardware/conveyor\conveyor.c ****     HAL_GPIO_WritePin(EN_GPIO_Port, EN_Pin, GPIO_PIN_RESET);
 624              		.loc 1 130 5
 625 0004 0022     		movs	r2, #0
 626 0006 4FF48071 		mov	r1, #256
 627 000a 0248     		ldr	r0, .L28
 628 000c FFF7FEFF 		bl	HAL_GPIO_WritePin
 131:c:/Users/MI/Documents/IoTLink/HWCup/Hardware/conveyor\conveyor.c **** }
 629              		.loc 1 131 1
 630 0010 00BF     		nop
 631 0012 80BD     		pop	{r7, pc}
 632              	.L29:
 633              		.align	2
 634              	.L28:
 635 0014 00040048 		.word	1207960576
 636              		.cfi_endproc
 637              	.LFE292:
 639              		.section	.text.stop_conveyor,"ax",%progbits
 640              		.align	1
 641              		.global	stop_conveyor
 642              		.syntax unified
 643              		.thumb
 644              		.thumb_func
 645              		.fpu fpv4-sp-d16
 647              	stop_conveyor:
 648              	.LFB293:
 132:c:/Users/MI/Documents/IoTLink/HWCup/Hardware/conveyor\conveyor.c **** 
 133:c:/Users/MI/Documents/IoTLink/HWCup/Hardware/conveyor\conveyor.c **** bool_t stop_conveyor(void)
 134:c:/Users/MI/Documents/IoTLink/HWCup/Hardware/conveyor\conveyor.c **** {
 649              		.loc 1 134 1
 650              		.cfi_startproc
 651              		@ args = 0, pretend = 0, frame = 8
 652              		@ frame_needed = 1, uses_anonymous_args = 0
 653 0000 80B5     		push	{r7, lr}
 654              	.LCFI29:
 655              		.cfi_def_cfa_offset 8
 656              		.cfi_offset 7, -8
 657              		.cfi_offset 14, -4
 658 0002 82B0     		sub	sp, sp, #8
 659              	.LCFI30:
 660              		.cfi_def_cfa_offset 16
 661 0004 00AF     		add	r7, sp, #0
 662              	.LCFI31:
 663              		.cfi_def_cfa_register 7
 135:c:/Users/MI/Documents/IoTLink/HWCup/Hardware/conveyor\conveyor.c ****     HAL_GPIO_WritePin(EN_GPIO_Port, EN_Pin, GPIO_PIN_SET);
 664              		.loc 1 135 5
 665 0006 0122     		movs	r2, #1
 666 0008 4FF48071 		mov	r1, #256
 667 000c 0A48     		ldr	r0, .L33
 668 000e FFF7FEFF 		bl	HAL_GPIO_WritePin
 136:c:/Users/MI/Documents/IoTLink/HWCup/Hardware/conveyor\conveyor.c ****     
ARM GAS  C:\Users\MI\AppData\Local\Temp\ccvTaGH2.s 			page 15


 137:c:/Users/MI/Documents/IoTLink/HWCup/Hardware/conveyor\conveyor.c ****     GPIO_PinState ir_state;
 138:c:/Users/MI/Documents/IoTLink/HWCup/Hardware/conveyor\conveyor.c ****     ir_state = HAL_GPIO_ReadPin(IR_INT_GPIO_Port, IR_INT_Pin);
 669              		.loc 1 138 16
 670 0012 4FF40061 		mov	r1, #2048
 671 0016 4FF09040 		mov	r0, #1207959552
 672 001a FFF7FEFF 		bl	HAL_GPIO_ReadPin
 673 001e 0346     		mov	r3, r0
 674 0020 FB71     		strb	r3, [r7, #7]
 139:c:/Users/MI/Documents/IoTLink/HWCup/Hardware/conveyor\conveyor.c ****     if(ir_state == GPIO_PIN_RESET) return true;
 675              		.loc 1 139 7
 676 0022 FB79     		ldrb	r3, [r7, #7]	@ zero_extendqisi2
 677 0024 002B     		cmp	r3, #0
 678 0026 01D1     		bne	.L31
 679              		.loc 1 139 43 discriminator 1
 680 0028 0123     		movs	r3, #1
 681 002a 00E0     		b	.L32
 682              	.L31:
 140:c:/Users/MI/Documents/IoTLink/HWCup/Hardware/conveyor\conveyor.c ****     return false;
 683              		.loc 1 140 12
 684 002c 0023     		movs	r3, #0
 685              	.L32:
 141:c:/Users/MI/Documents/IoTLink/HWCup/Hardware/conveyor\conveyor.c **** }
 686              		.loc 1 141 1
 687 002e 1846     		mov	r0, r3
 688 0030 0837     		adds	r7, r7, #8
 689              	.LCFI32:
 690              		.cfi_def_cfa_offset 8
 691 0032 BD46     		mov	sp, r7
 692              	.LCFI33:
 693              		.cfi_def_cfa_register 13
 694              		@ sp needed
 695 0034 80BD     		pop	{r7, pc}
 696              	.L34:
 697 0036 00BF     		.align	2
 698              	.L33:
 699 0038 00040048 		.word	1207960576
 700              		.cfi_endproc
 701              	.LFE293:
 703              		.text
 704              	.Letext0:
 705              		.file 2 "c:\\users\\mi\\.iotlink\\tools\\gcc-arm-none-eabi\\arm-none-eabi\\include\\machine\\_defa
 706              		.file 3 "c:\\users\\mi\\.iotlink\\tools\\gcc-arm-none-eabi\\arm-none-eabi\\include\\sys\\lock.h"
 707              		.file 4 "c:\\users\\mi\\.iotlink\\tools\\gcc-arm-none-eabi\\arm-none-eabi\\include\\sys\\_types.h"
 708              		.file 5 "c:\\users\\mi\\.iotlink\\tools\\gcc-arm-none-eabi\\lib\\gcc\\arm-none-eabi\\9.2.1\\includ
 709              		.file 6 "c:\\users\\mi\\.iotlink\\tools\\gcc-arm-none-eabi\\arm-none-eabi\\include\\sys\\reent.h"
 710              		.file 7 "C:/Users/MI/.iotlink/sdk/IoT_LINK/iot_link/os/liteos/include/los_typedef.h"
 711              		.file 8 "c:\\users\\mi\\.iotlink\\tools\\gcc-arm-none-eabi\\arm-none-eabi\\include\\sys\\_stdint.h
 712              		.file 9 "C:/Users/MI/.iotlink/sdk/IoT_LINK/iot_link/os/liteos/arch/arm/common/cmsis/core_cm4.h"
 713              		.file 10 "c:/Users/MI/Documents/IoTLink/HWCup/Inc/system_stm32l4xx.h"
 714              		.file 11 "c:/Users/MI/Documents/IoTLink/HWCup/Inc/stm32l431xx.h"
 715              		.file 12 "C:/Users/MI/.iotlink/sdk/IoT_LINK/iot_link/os/liteos/include/los_config.h"
 716              		.file 13 "C:/Users/MI/.iotlink/sdk/IoT_LINK/iot_link/os/liteos/include/los_err.h"
 717              		.file 14 "C:/Users/MI/.iotlink/sdk/IoT_LINK/iot_link/os/liteos/arch/arm/arm-m/include/los_hwi.h"
 718              		.file 15 "C:/Users/MI/.iotlink/sdk/IoT_LINK/drivers/third_party/ST/STM32L4xx_HAL_Driver/Inc/stm32l
 719              		.file 16 "C:/Users/MI/.iotlink/sdk/IoT_LINK/drivers/third_party/ST/STM32L4xx_HAL_Driver/Inc/stm32l
 720              		.file 17 "C:/Users/MI/.iotlink/sdk/IoT_LINK/drivers/third_party/ST/STM32L4xx_HAL_Driver/Inc/stm32l
 721              		.file 18 "C:/Users/MI/.iotlink/sdk/IoT_LINK/drivers/third_party/ST/STM32L4xx_HAL_Driver/Inc/stm32l
ARM GAS  C:\Users\MI\AppData\Local\Temp\ccvTaGH2.s 			page 16


ARM GAS  C:\Users\MI\AppData\Local\Temp\ccvTaGH2.s 			page 17


DEFINED SYMBOLS
                            *ABS*:00000000 conveyor.c
                            *COM*:00000040 htim2
C:\Users\MI\AppData\Local\Temp\ccvTaGH2.s:19     .rodata:00000000 $d
C:\Users\MI\AppData\Local\Temp\ccvTaGH2.s:24     .text.MX_TIM2_Init:00000000 $t
C:\Users\MI\AppData\Local\Temp\ccvTaGH2.s:32     .text.MX_TIM2_Init:00000000 MX_TIM2_Init
C:\Users\MI\AppData\Local\Temp\ccvTaGH2.s:290    .text.HAL_TIM_MspPostInit:00000000 HAL_TIM_MspPostInit
C:\Users\MI\AppData\Local\Temp\ccvTaGH2.s:210    .text.MX_TIM2_Init:00000110 $d
C:\Users\MI\AppData\Local\Temp\ccvTaGH2.s:216    .text.HAL_TIM_Base_MspInit:00000000 $t
C:\Users\MI\AppData\Local\Temp\ccvTaGH2.s:223    .text.HAL_TIM_Base_MspInit:00000000 HAL_TIM_Base_MspInit
C:\Users\MI\AppData\Local\Temp\ccvTaGH2.s:278    .text.HAL_TIM_Base_MspInit:00000038 $d
C:\Users\MI\AppData\Local\Temp\ccvTaGH2.s:283    .text.HAL_TIM_MspPostInit:00000000 $t
C:\Users\MI\AppData\Local\Temp\ccvTaGH2.s:369    .text.HAL_TIM_MspPostInit:00000064 $d
C:\Users\MI\AppData\Local\Temp\ccvTaGH2.s:374    .text.HAL_TIM_Base_MspDeInit:00000000 $t
C:\Users\MI\AppData\Local\Temp\ccvTaGH2.s:381    .text.HAL_TIM_Base_MspDeInit:00000000 HAL_TIM_Base_MspDeInit
C:\Users\MI\AppData\Local\Temp\ccvTaGH2.s:429    .text.HAL_TIM_Base_MspDeInit:0000002c $d
C:\Users\MI\AppData\Local\Temp\ccvTaGH2.s:434    .text.conveyor_init:00000000 $t
C:\Users\MI\AppData\Local\Temp\ccvTaGH2.s:441    .text.conveyor_init:00000000 conveyor_init
C:\Users\MI\AppData\Local\Temp\ccvTaGH2.s:595    .text.conveyor_init:000000f8 $d
C:\Users\MI\AppData\Local\Temp\ccvTaGH2.s:603    .text.start_conveyor:00000000 $t
C:\Users\MI\AppData\Local\Temp\ccvTaGH2.s:610    .text.start_conveyor:00000000 start_conveyor
C:\Users\MI\AppData\Local\Temp\ccvTaGH2.s:635    .text.start_conveyor:00000014 $d
C:\Users\MI\AppData\Local\Temp\ccvTaGH2.s:640    .text.stop_conveyor:00000000 $t
C:\Users\MI\AppData\Local\Temp\ccvTaGH2.s:647    .text.stop_conveyor:00000000 stop_conveyor
C:\Users\MI\AppData\Local\Temp\ccvTaGH2.s:699    .text.stop_conveyor:00000038 $d

UNDEFINED SYMBOLS
HAL_TIM_Base_Init
_Error_Handler
HAL_TIM_ConfigClockSource
HAL_TIM_PWM_Init
HAL_TIMEx_MasterConfigSynchronization
HAL_TIM_PWM_ConfigChannel
HAL_GPIO_Init
HAL_GPIO_WritePin
HAL_TIM_PWM_Start
HAL_GPIO_ReadPin
